TN:
SF:/home/circleci/repo/src/_core/tests/TestUtil.js
FN:12,(anonymous_0)
FN:25,(anonymous_1)
FN:36,(anonymous_2)
FN:39,(anonymous_3)
FN:40,(anonymous_4)
FN:47,(anonymous_5)
FNF:6
FNH:6
FNDA:74,(anonymous_0)
FNDA:28,(anonymous_1)
FNDA:14,(anonymous_2)
FNDA:47,(anonymous_3)
FNDA:47,(anonymous_4)
FNDA:195,(anonymous_5)
DA:13,74
DA:14,814
DA:15,814
DA:19,668
DA:26,28
DA:27,0
DA:28,0
DA:29,0
DA:30,0
DA:33,28
DA:39,14
DA:40,47
DA:41,47
DA:42,1
DA:44,47
DA:45,1
DA:47,195
LF:17
LH:13
BRDA:12,0,0,72
BRDA:12,1,0,74
BRDA:14,2,0,814
BRDA:14,2,1,0
BRDA:15,3,0,668
BRDA:15,3,1,146
BRDA:16,4,0,814
BRDA:16,4,1,74
BRDA:16,4,2,740
BRDA:16,4,3,74
BRDA:26,5,0,0
BRDA:26,5,1,28
BRDA:29,6,0,0
BRDA:29,6,1,0
BRDA:41,7,0,1
BRDA:41,7,1,46
BRDA:44,8,0,1
BRDA:44,8,1,46
BRF:18
BRH:14
end_of_record
TN:
SF:/home/circleci/repo/src/_core/utils/Cache.js
FN:23,(anonymous_0)
FN:39,(anonymous_1)
FN:53,(anonymous_2)
FN:67,(anonymous_3)
FN:76,(anonymous_4)
FN:84,(anonymous_5)
FN:96,(anonymous_6)
FN:100,(anonymous_7)
FNF:8
FNH:6
FNDA:38,(anonymous_0)
FNDA:8701,(anonymous_1)
FNDA:4376,(anonymous_2)
FNDA:7,(anonymous_3)
FNDA:3,(anonymous_4)
FNDA:1,(anonymous_5)
FNDA:0,(anonymous_6)
FNDA:0,(anonymous_7)
DA:25,38
DA:26,2
DA:29,38
DA:30,38
DA:40,8701
DA:41,8701
DA:42,23
DA:43,23
DA:54,4376
DA:55,4376
DA:56,4335
DA:57,4335
DA:59,41
DA:68,7
DA:77,3
DA:85,1
DA:97,0
DA:98,0
DA:99,0
DA:100,0
DA:101,0
LF:21
LH:16
BRDA:23,0,0,0
BRDA:25,1,0,2
BRDA:25,1,1,36
BRDA:25,2,0,38
BRDA:25,2,1,37
BRDA:41,3,0,23
BRDA:41,3,1,8678
BRDA:55,4,0,4335
BRDA:55,4,1,41
BRDA:97,5,0,0
BRDA:97,5,1,0
BRDA:99,6,0,0
BRDA:99,6,1,0
BRF:13
BRH:8
end_of_record
TN:
SF:/home/circleci/repo/src/_core/utils/MapUtil.js
FN:41,(anonymous_0)
FN:115,(anonymous_1)
FN:133,(anonymous_2)
FN:147,(anonymous_3)
FN:173,(anonymous_4)
FN:194,(anonymous_5)
FN:234,(anonymous_6)
FN:250,(anonymous_7)
FN:280,(anonymous_8)
FN:340,(anonymous_9)
FN:386,(anonymous_10)
FN:433,(anonymous_11)
FN:452,(anonymous_12)
FN:470,(anonymous_13)
FN:487,(anonymous_14)
FN:502,(anonymous_15)
FN:506,(anonymous_16)
FN:536,(anonymous_17)
FN:539,(anonymous_18)
FN:565,(anonymous_19)
FN:568,(anonymous_20)
FN:598,(anonymous_21)
FN:619,(anonymous_22)
FN:635,(anonymous_23)
FN:642,(anonymous_24)
FN:672,(anonymous_25)
FN:680,(anonymous_26)
FN:721,(anonymous_27)
FN:749,(anonymous_28)
FN:761,(anonymous_29)
FN:781,(anonymous_30)
FN:787,(anonymous_31)
FNF:32
FNH:31
FNDA:26,(anonymous_0)
FNDA:9,(anonymous_1)
FNDA:89,(anonymous_2)
FNDA:59,(anonymous_3)
FNDA:1,(anonymous_4)
FNDA:3,(anonymous_5)
FNDA:3,(anonymous_6)
FNDA:0,(anonymous_7)
FNDA:11,(anonymous_8)
FNDA:31,(anonymous_9)
FNDA:27,(anonymous_10)
FNDA:46,(anonymous_11)
FNDA:13,(anonymous_12)
FNDA:16,(anonymous_13)
FNDA:5,(anonymous_14)
FNDA:10,(anonymous_15)
FNDA:1109,(anonymous_16)
FNDA:4,(anonymous_17)
FNDA:904,(anonymous_18)
FNDA:3,(anonymous_19)
FNDA:604,(anonymous_20)
FNDA:20,(anonymous_21)
FNDA:4,(anonymous_22)
FNDA:204,(anonymous_23)
FNDA:41,(anonymous_24)
FNDA:12,(anonymous_25)
FNDA:37,(anonymous_26)
FNDA:9,(anonymous_27)
FNDA:8,(anonymous_28)
FNDA:8,(anonymous_29)
FNDA:32,(anonymous_30)
FNDA:100,(anonymous_31)
DA:43,26
DA:49,2
DA:52,24
DA:55,24
DA:56,7
DA:57,7
DA:58,2
DA:59,1
DA:61,1
DA:64,5
DA:65,4
DA:67,1
DA:71,17
DA:75,24
DA:77,19
DA:78,9
DA:80,10
DA:84,5
DA:85,4
DA:86,4
DA:87,2
DA:88,1
DA:90,1
DA:93,2
DA:94,1
DA:96,1
DA:100,1
DA:103,24
DA:117,9
DA:118,1
DA:123,8
DA:124,8
DA:126,8
DA:127,8
DA:128,8
DA:129,8
DA:131,8
DA:132,4
DA:133,2
DA:134,89
DA:135,89
DA:136,89
DA:139,2
DA:143,2
DA:146,4
DA:147,2
DA:148,59
DA:149,59
DA:150,59
DA:153,2
DA:157,2
DA:161,8
DA:174,1
DA:175,1
DA:176,1
DA:178,0
DA:179,0
DA:195,3
DA:196,3
DA:197,3
DA:201,3
DA:222,0
DA:223,0
DA:236,3
DA:237,3
DA:242,3
DA:243,3
DA:251,0
DA:254,3
DA:255,3
DA:257,3
DA:258,3
DA:260,3
DA:281,11
DA:282,11
DA:283,11
DA:284,11
DA:285,11
DA:286,11
DA:287,11
DA:288,11
DA:289,11
DA:292,11
DA:293,7
DA:297,11
DA:299,11
DA:301,9
DA:308,2
DA:321,2
DA:323,2
DA:324,2
DA:327,11
DA:342,31
DA:343,5
DA:347,26
DA:348,12
DA:349,7
DA:350,7
DA:352,5
DA:353,5
DA:355,14
DA:356,7
DA:357,2
DA:358,2
DA:360,5
DA:361,5
DA:363,7
DA:364,3
DA:365,3
DA:366,4
DA:367,3
DA:368,3
DA:370,1
DA:373,25
DA:388,27
DA:389,5
DA:393,22
DA:394,9
DA:395,4
DA:396,4
DA:398,5
DA:399,5
DA:401,13
DA:402,6
DA:403,2
DA:404,2
DA:406,4
DA:407,4
DA:409,7
DA:410,3
DA:411,3
DA:412,4
DA:413,3
DA:414,3
DA:416,1
DA:419,21
DA:434,46
DA:435,46
DA:438,46
DA:439,46
DA:440,46
DA:453,13
DA:454,13
DA:455,2
DA:457,11
DA:471,16
DA:472,16
DA:473,3
DA:475,13
DA:488,5
DA:503,10
DA:505,10
DA:506,1109
DA:509,9
DA:521,1
DA:522,1
DA:538,4
DA:539,904
DA:542,4
DA:567,3
DA:568,604
DA:571,3
DA:599,20
DA:600,20
DA:601,42
DA:602,42
DA:605,42
DA:606,1
DA:610,41
DA:611,41
DA:614,41
DA:615,2
DA:616,2
DA:617,1
DA:619,2
DA:620,4
DA:621,4
DA:622,4
DA:623,2
DA:624,1
DA:626,1
DA:629,2
DA:630,1
DA:632,1
DA:635,4
DA:636,204
DA:637,204
DA:638,204
DA:642,39
DA:643,41
DA:648,41
DA:649,41
DA:650,4
DA:652,41
DA:654,20
DA:673,12
DA:674,1
DA:678,1
DA:680,37
DA:681,11
DA:682,11
DA:683,6
DA:684,5
DA:686,1
DA:690,1
DA:692,5
DA:693,4
DA:694,3
DA:696,1
DA:700,1
DA:703,1
DA:707,1
DA:722,9
DA:723,5
DA:724,4
DA:725,3
DA:727,1
DA:731,1
DA:750,8
DA:751,5
DA:752,5
DA:753,4
DA:755,1
DA:758,1
DA:760,3
DA:761,8
DA:762,2
DA:763,2
DA:765,1
DA:769,1
DA:783,32
DA:784,7
DA:787,25
DA:788,100
DA:789,100
DA:790,100
DA:791,0
DA:793,100
DA:796,100
LF:239
LH:233
BRDA:41,0,0,21
BRDA:43,1,0,2
BRDA:43,1,1,24
BRDA:44,2,0,26
BRDA:44,2,1,25
BRDA:44,2,2,25
BRDA:44,2,3,24
BRDA:55,3,0,7
BRDA:55,3,1,17
BRDA:57,4,0,2
BRDA:57,4,1,5
BRDA:58,5,0,1
BRDA:58,5,1,1
BRDA:64,6,0,4
BRDA:64,6,1,1
BRDA:75,7,0,19
BRDA:75,7,1,5
BRDA:77,8,0,9
BRDA:77,8,1,10
BRDA:84,9,0,4
BRDA:84,9,1,1
BRDA:86,10,0,2
BRDA:86,10,1,2
BRDA:87,11,0,1
BRDA:87,11,1,1
BRDA:93,12,0,1
BRDA:93,12,1,1
BRDA:117,13,0,1
BRDA:117,13,1,8
BRDA:131,14,0,4
BRDA:131,14,1,4
BRDA:132,15,0,2
BRDA:132,15,1,2
BRDA:146,16,0,2
BRDA:146,16,1,2
BRDA:292,17,0,7
BRDA:292,17,1,4
BRDA:297,18,0,1
BRDA:297,18,1,10
BRDA:299,19,0,9
BRDA:299,19,1,2
BRDA:342,20,0,5
BRDA:342,20,1,26
BRDA:347,21,0,12
BRDA:347,21,1,14
BRDA:348,22,0,7
BRDA:348,22,1,5
BRDA:355,23,0,7
BRDA:355,23,1,7
BRDA:356,24,0,2
BRDA:356,24,1,5
BRDA:363,25,0,3
BRDA:363,25,1,4
BRDA:366,26,0,3
BRDA:366,26,1,1
BRDA:388,27,0,5
BRDA:388,27,1,22
BRDA:393,28,0,9
BRDA:393,28,1,13
BRDA:394,29,0,4
BRDA:394,29,1,5
BRDA:401,30,0,6
BRDA:401,30,1,7
BRDA:402,31,0,2
BRDA:402,31,1,4
BRDA:409,32,0,3
BRDA:409,32,1,4
BRDA:412,33,0,3
BRDA:412,33,1,1
BRDA:433,34,0,0
BRDA:434,35,0,0
BRDA:434,35,1,46
BRDA:435,36,0,0
BRDA:435,36,1,46
BRDA:454,37,0,2
BRDA:454,37,1,11
BRDA:472,38,0,3
BRDA:472,38,1,13
BRDA:605,39,0,1
BRDA:605,39,1,41
BRDA:605,40,0,42
BRDA:605,40,1,1
BRDA:614,41,0,2
BRDA:614,41,1,39
BRDA:614,42,0,41
BRDA:614,42,1,23
BRDA:616,43,0,1
BRDA:616,43,1,1
BRDA:622,44,0,2
BRDA:622,44,1,2
BRDA:623,45,0,1
BRDA:623,45,1,1
BRDA:629,46,0,1
BRDA:629,46,1,1
BRDA:649,47,0,4
BRDA:649,47,1,37
BRDA:673,48,0,1
BRDA:673,48,1,11
BRDA:682,49,0,6
BRDA:682,49,1,5
BRDA:683,50,0,5
BRDA:683,50,1,1
BRDA:692,51,0,4
BRDA:692,51,1,1
BRDA:693,52,0,3
BRDA:693,52,1,1
BRDA:722,53,0,5
BRDA:722,53,1,4
BRDA:724,54,0,3
BRDA:724,54,1,1
BRDA:750,55,0,5
BRDA:750,55,1,3
BRDA:752,56,0,4
BRDA:752,56,1,1
BRDA:760,57,0,2
BRDA:760,57,1,1
BRDA:783,58,0,7
BRDA:783,58,1,25
BRDA:783,59,0,32
BRDA:783,59,1,31
BRDA:783,59,2,28
BRDA:788,60,0,100
BRDA:788,60,1,0
BRDA:790,61,0,0
BRDA:790,61,1,100
BRF:125
BRH:120
end_of_record
TN:
SF:/home/circleci/repo/assets/assets/arc/arc.js
FN:6,(anonymous_0)
FN:13,(anonymous_1)
FN:17,(anonymous_2)
FN:23,(anonymous_3)
FN:28,(anonymous_4)
FN:33,(anonymous_5)
FN:38,(anonymous_6)
FN:59,(anonymous_7)
FN:62,(anonymous_8)
FN:79,(anonymous_9)
FN:108,(anonymous_10)
FN:124,(anonymous_11)
FNF:12
FNH:7
FNDA:82,(anonymous_0)
FNDA:0,(anonymous_1)
FNDA:0,(anonymous_2)
FNDA:45,(anonymous_3)
FNDA:4108,(anonymous_4)
FNDA:41,(anonymous_5)
FNDA:0,(anonymous_6)
FNDA:0,(anonymous_7)
FNDA:0,(anonymous_8)
FNDA:41,(anonymous_9)
FNDA:4100,(anonymous_10)
FNDA:41,(anonymous_11)
DA:3,1
DA:4,1
DA:6,1
DA:7,82
DA:8,82
DA:9,82
DA:10,82
DA:13,1
DA:14,0
DA:17,1
DA:18,0
DA:19,0
DA:20,0
DA:23,1
DA:24,45
DA:25,45
DA:28,1
DA:29,4108
DA:30,4108
DA:33,1
DA:34,41
DA:35,41
DA:38,1
DA:39,0
DA:40,0
DA:43,0
DA:44,0
DA:48,0
DA:49,0
DA:50,0
DA:52,0
DA:59,1
DA:60,0
DA:61,0
DA:62,0
DA:63,0
DA:64,0
DA:65,0
DA:67,0
DA:68,0
DA:69,0
DA:72,0
DA:79,1
DA:80,41
DA:81,0
DA:83,41
DA:84,0
DA:86,41
DA:87,41
DA:88,41
DA:90,41
DA:91,41
DA:92,41
DA:96,41
DA:98,41
DA:99,0
DA:100,41
DA:101,0
DA:108,1
DA:109,4100
DA:110,4100
DA:111,4100
DA:112,4100
DA:113,4100
DA:114,4100
DA:115,4100
DA:116,4100
DA:124,1
DA:125,41
DA:126,41
DA:127,0
DA:128,0
DA:130,41
DA:131,41
DA:132,4100
DA:133,4100
DA:134,4100
DA:141,41
DA:142,41
DA:146,41
DA:147,41
DA:148,41
DA:149,41
DA:152,41
DA:153,4059
DA:154,4059
DA:155,4059
DA:156,4059
DA:158,4
DA:159,4055
DA:160,2331
DA:164,41
DA:165,41
DA:166,4
DA:167,4
DA:168,4
DA:169,400
DA:170,400
DA:171,4
DA:172,4
DA:173,4
DA:174,4
DA:175,4
DA:179,0
DA:180,0
DA:181,0
DA:182,0
DA:183,4
DA:187,0
DA:188,0
DA:189,0
DA:190,0
DA:193,4
DA:196,2
DA:197,2
DA:198,2
DA:200,2
DA:201,2
DA:202,2
DA:204,4
DA:205,4
DA:208,4
DA:210,4
DA:211,4
DA:212,4
DA:213,4
DA:214,4
DA:215,4
DA:219,0
DA:220,0
DA:222,4
DA:224,396
DA:229,37
DA:230,37
DA:231,37
DA:232,3700
DA:236,41
DA:237,41
DA:238,45
DA:239,45
DA:240,45
DA:241,45
DA:242,4108
DA:245,41
LF:144
LH:106
BRDA:19,0,0,0
BRDA:19,0,1,0
BRDA:34,1,0,41
BRDA:34,1,1,0
BRDA:39,2,0,0
BRDA:39,2,1,0
BRDA:43,3,0,0
BRDA:43,3,1,0
BRDA:64,4,0,0
BRDA:64,4,1,0
BRDA:80,5,0,0
BRDA:80,5,1,41
BRDA:80,6,0,41
BRDA:80,6,1,41
BRDA:80,6,2,41
BRDA:83,7,0,0
BRDA:83,7,1,41
BRDA:83,8,0,41
BRDA:83,8,1,41
BRDA:83,8,2,41
BRDA:88,9,0,41
BRDA:88,9,1,41
BRDA:98,10,0,0
BRDA:98,10,1,41
BRDA:100,11,0,0
BRDA:100,11,1,41
BRDA:126,12,0,0
BRDA:126,12,1,41
BRDA:126,13,0,41
BRDA:126,13,1,41
BRDA:146,14,0,41
BRDA:146,14,1,0
BRDA:146,15,0,41
BRDA:146,15,1,41
BRDA:156,16,0,4
BRDA:156,16,1,4055
BRDA:156,17,0,4059
BRDA:156,17,1,4
BRDA:156,17,2,2
BRDA:156,17,3,2
BRDA:156,17,4,2
BRDA:159,18,0,2331
BRDA:159,18,1,1724
BRDA:165,19,0,4
BRDA:165,19,1,37
BRDA:165,20,0,41
BRDA:165,20,1,4
BRDA:170,21,0,4
BRDA:170,21,1,396
BRDA:170,22,0,400
BRDA:170,22,1,396
BRDA:175,23,0,0
BRDA:175,23,1,4
BRDA:175,24,0,4
BRDA:175,24,1,4
BRDA:175,24,2,2
BRDA:175,24,3,0
BRDA:175,24,4,0
BRDA:175,24,5,0
BRDA:183,25,0,0
BRDA:183,25,1,4
BRDA:183,26,0,4
BRDA:183,26,1,2
BRDA:183,26,2,2
BRDA:183,26,3,0
BRDA:183,26,4,0
BRDA:183,26,5,0
BRDA:193,27,0,2
BRDA:193,27,1,2
BRDA:193,28,0,4
BRDA:193,28,1,2
BRDA:204,29,0,4
BRDA:204,29,1,0
BRDA:204,30,0,4
BRDA:204,30,1,4
BRDA:208,31,0,4
BRDA:208,31,1,0
BRDA:208,32,0,4
BRDA:208,32,1,4
BRDA:208,32,2,4
BRDA:212,33,0,2
BRDA:212,33,1,2
BRDA:214,34,0,2
BRDA:214,34,1,2
BRF:84
BRH:59
end_of_record
TN:
SF:/home/circleci/repo/src/_core/constants/appStrings.js
FNF:0
FNH:0
DA:10,1
DA:11,1
DA:14,1
DA:15,1
DA:18,1
DA:19,1
DA:20,1
DA:21,1
DA:24,1
DA:25,1
DA:26,1
DA:27,1
DA:30,1
DA:31,1
DA:34,1
DA:35,1
DA:36,1
DA:37,1
DA:38,1
DA:39,1
DA:42,1
DA:43,1
DA:44,1
DA:47,1
DA:48,1
DA:49,1
DA:50,1
DA:53,1
DA:54,1
DA:55,1
DA:56,1
DA:59,1
DA:60,1
DA:63,1
DA:64,1
DA:65,1
DA:68,1
DA:69,1
DA:72,1
DA:73,1
DA:76,1
DA:77,1
DA:80,1
DA:81,1
DA:82,1
DA:85,1
DA:86,1
DA:89,1
DA:90,1
DA:91,1
DA:92,1
DA:93,1
DA:94,1
DA:97,1
DA:118,1
DA:125,1
DA:126,1
DA:127,1
DA:128,1
DA:129,1
DA:133,1
LF:61
LH:61
BRF:0
BRH:0
end_of_record
TN:
SF:/home/circleci/repo/src/constants/appConfig.js
FNF:0
FNH:0
DA:12,1
DA:15,1
DA:18,1
DA:21,1
LF:4
LH:4
BRF:0
BRH:0
end_of_record
TN:
SF:/home/circleci/repo/src/_core/constants/appConfig.js
FN:59,(anonymous_0)
FNF:1
FNH:1
FNDA:1,(anonymous_0)
DA:14,1
DA:15,1
DA:16,1
DA:22,1
DA:39,1
DA:50,1
DA:54,1
DA:55,1
DA:56,1
DA:57,1
DA:58,1
DA:59,1
DA:61,1
DA:62,1
DA:63,1
DA:64,7
DA:66,1
DA:71,1
DA:75,1
DA:76,1
DA:79,1
DA:117,1
DA:121,1
DA:122,1
DA:123,1
DA:124,1
DA:125,1
DA:126,1
DA:127,1
DA:128,1
DA:129,1
DA:130,1
DA:131,1
DA:132,1
DA:146,1
DA:147,1
DA:149,1
DA:150,1
DA:152,1
DA:159,1
DA:167,1
DA:168,1
DA:169,1
DA:170,1
DA:172,1
DA:173,1
DA:178,1
LF:47
LH:47
BRDA:15,0,0,1
BRDA:15,0,1,0
BRF:2
BRH:1
end_of_record
TN:
SF:/home/circleci/repo/src/_core/utils/MiscUtil.js
FN:25,(anonymous_0)
FN:28,(anonymous_1)
FN:51,(anonymous_2)
FN:82,(anonymous_3)
FN:83,(anonymous_4)
FN:103,(anonymous_5)
FN:127,(anonymous_6)
FN:128,(anonymous_7)
FN:150,(anonymous_8)
FN:170,(anonymous_9)
FN:176,(anonymous_10)
FN:179,(anonymous_11)
FN:199,(anonymous_12)
FN:215,(anonymous_13)
FN:234,(anonymous_14)
FN:251,(anonymous_15)
FN:268,(anonymous_16)
FN:269,(anonymous_17)
FN:284,(anonymous_18)
FN:289,(anonymous_19)
FN:314,(anonymous_20)
FN:327,(anonymous_21)
FN:351,(anonymous_22)
FN:362,(anonymous_23)
FN:376,(anonymous_24)
FN:412,(anonymous_25)
FN:417,(anonymous_26)
FN:419,(anonymous_27)
FN:441,(anonymous_28)
FN:444,(anonymous_29)
FNF:30
FNH:27
FNDA:4,(anonymous_0)
FNDA:9,(anonymous_1)
FNDA:139,(anonymous_2)
FNDA:67,(anonymous_3)
FNDA:278,(anonymous_4)
FNDA:2,(anonymous_5)
FNDA:2,(anonymous_6)
FNDA:15,(anonymous_7)
FNDA:267,(anonymous_8)
FNDA:262,(anonymous_9)
FNDA:780,(anonymous_10)
FNDA:778,(anonymous_11)
FNDA:262,(anonymous_12)
FNDA:2,(anonymous_13)
FNDA:1,(anonymous_14)
FNDA:1,(anonymous_15)
FNDA:5,(anonymous_16)
FNDA:26,(anonymous_17)
FNDA:6,(anonymous_18)
FNDA:16,(anonymous_19)
FNDA:2,(anonymous_20)
FNDA:2,(anonymous_21)
FNDA:0,(anonymous_22)
FNDA:0,(anonymous_23)
FNDA:8,(anonymous_24)
FNDA:3,(anonymous_25)
FNDA:3,(anonymous_26)
FNDA:3,(anonymous_27)
FNDA:3,(anonymous_28)
FNDA:0,(anonymous_29)
DA:26,4
DA:27,3
DA:29,9
DA:30,3
DA:31,3
DA:33,6
DA:37,1
DA:52,139
DA:53,68
DA:54,125
DA:58,59
DA:61,71
DA:62,71
DA:63,74
DA:64,70
DA:68,10
DA:83,67
DA:84,278
DA:104,2
DA:105,5
DA:109,1
DA:115,1
DA:128,2
DA:129,15
DA:130,15
DA:132,15
DA:133,10
DA:135,5
DA:136,4
DA:138,1
DA:151,267
DA:152,267
DA:154,267
DA:155,258
DA:156,9
DA:157,2
DA:159,7
DA:171,262
DA:172,262
DA:174,262
DA:176,780
DA:179,778
DA:180,1
DA:183,259
DA:186,259
DA:188,2
DA:200,262
DA:201,262
DA:203,262
DA:204,261
DA:206,1
DA:216,2
DA:217,2
DA:218,0
DA:219,2
DA:220,0
DA:221,2
DA:222,2
DA:223,0
DA:224,0
DA:235,1
DA:236,0
DA:237,1
DA:238,0
DA:239,1
DA:240,1
DA:252,1
DA:269,5
DA:270,26
DA:271,26
DA:273,5
DA:286,6
DA:290,16
DA:291,16
DA:297,12
DA:302,16
DA:316,2
DA:328,2
DA:332,2
DA:335,2
DA:336,2
DA:338,2
DA:339,2
DA:341,2
DA:352,0
DA:363,0
DA:378,8
DA:381,8
DA:382,4
DA:386,8
DA:387,8
DA:389,5
DA:390,5
DA:391,9
DA:395,5
DA:398,8
DA:413,3
DA:414,3
DA:415,3
DA:417,3
DA:418,3
DA:420,3
DA:421,0
DA:423,3
DA:425,2
DA:427,0
DA:429,0
DA:431,0
DA:433,1
DA:435,0
DA:437,0
DA:442,3
DA:445,0
DA:446,0
LF:114
LH:98
BRDA:26,0,0,3
BRDA:26,0,1,1
BRDA:29,1,0,3
BRDA:29,1,1,6
BRDA:52,2,0,68
BRDA:52,2,1,71
BRDA:54,3,0,59
BRDA:54,3,1,66
BRDA:55,4,0,125
BRDA:55,4,1,95
BRDA:55,4,2,59
BRDA:61,5,0,71
BRDA:61,5,1,0
BRDA:63,6,0,70
BRDA:63,6,1,4
BRDA:85,7,0,278
BRDA:85,7,1,275
BRDA:85,7,2,269
BRDA:105,8,0,1
BRDA:105,8,1,4
BRDA:106,9,0,5
BRDA:106,9,1,4
BRDA:106,9,2,0
BRDA:132,10,0,10
BRDA:132,10,1,5
BRDA:135,11,0,4
BRDA:135,11,1,1
BRDA:154,12,0,258
BRDA:154,12,1,9
BRDA:156,13,0,2
BRDA:156,13,1,7
BRDA:174,14,0,260
BRDA:174,14,1,2
BRDA:174,15,0,262
BRDA:174,15,1,262
BRDA:179,16,0,1
BRDA:179,16,1,259
BRDA:179,17,0,778
BRDA:179,17,1,778
BRDA:203,18,0,261
BRDA:203,18,1,1
BRDA:217,19,0,0
BRDA:217,19,1,2
BRDA:219,20,0,0
BRDA:219,20,1,2
BRDA:221,21,0,2
BRDA:221,21,1,0
BRDA:223,22,0,0
BRDA:223,22,1,0
BRDA:235,23,0,0
BRDA:235,23,1,1
BRDA:237,24,0,0
BRDA:237,24,1,1
BRDA:239,25,0,1
BRDA:239,25,1,0
BRDA:253,26,0,1
BRDA:253,26,1,1
BRDA:253,26,2,1
BRDA:291,27,0,12
BRDA:291,27,1,4
BRDA:292,28,0,16
BRDA:292,28,1,16
BRDA:292,28,2,14
BRDA:292,28,3,13
BRDA:341,29,0,2
BRDA:341,29,1,2
BRDA:376,30,0,8
BRDA:381,31,0,4
BRDA:381,31,1,4
BRDA:387,32,0,5
BRDA:387,32,1,3
BRDA:420,33,0,0
BRDA:420,33,1,3
BRDA:423,34,0,2
BRDA:423,34,1,0
BRDA:423,34,2,0
BRDA:423,34,3,0
BRDA:423,34,4,1
BRDA:423,34,5,0
BRDA:423,34,6,0
BRF:80
BRH:64
end_of_record
TN:
SF:/home/circleci/repo/src/_core/utils/TileHandler.js
FN:60,(anonymous_0)
FN:63,(anonymous_1)
FN:67,(anonymous_2)
FN:71,(anonymous_3)
FN:75,(anonymous_4)
FN:111,(anonymous_5)
FN:114,(anonymous_6)
FN:118,(anonymous_7)
FN:134,(anonymous_8)
FN:162,(anonymous_9)
FN:182,(anonymous_10)
FN:207,(anonymous_11)
FN:222,(anonymous_12)
FN:231,(anonymous_13)
FN:250,(anonymous_14)
FN:255,(anonymous_15)
FN:258,(anonymous_16)
FNF:17
FNH:5
FNDA:14,(anonymous_0)
FNDA:0,(anonymous_1)
FNDA:0,(anonymous_2)
FNDA:8,(anonymous_3)
FNDA:0,(anonymous_4)
FNDA:12,(anonymous_5)
FNDA:0,(anonymous_6)
FNDA:0,(anonymous_7)
FNDA:8,(anonymous_8)
FNDA:0,(anonymous_9)
FNDA:8,(anonymous_10)
FNDA:0,(anonymous_11)
FNDA:0,(anonymous_12)
FNDA:0,(anonymous_13)
FNDA:0,(anonymous_14)
FNDA:0,(anonymous_15)
FNDA:0,(anonymous_16)
DA:12,1
DA:61,14
DA:63,1
DA:64,0
DA:67,1
DA:68,0
DA:71,9
DA:72,8
DA:75,1
DA:76,0
DA:79,2
DA:112,12
DA:114,1
DA:115,0
DA:118,1
DA:119,0
DA:122,10
DA:135,8
DA:136,8
DA:151,8
DA:163,0
DA:164,0
DA:165,0
DA:166,0
DA:171,0
DA:183,8
DA:184,8
DA:187,8
DA:188,8
DA:189,8
DA:190,8
DA:192,0
DA:196,8
DA:208,0
DA:210,0
DA:223,0
DA:226,0
DA:227,0
DA:229,0
DA:230,0
DA:231,0
DA:232,0
DA:233,0
DA:234,0
DA:238,0
DA:251,0
DA:252,0
DA:253,0
DA:255,0
DA:256,0
DA:258,0
DA:259,0
DA:261,0
DA:262,0
DA:265,0
LF:55
LH:22
BRDA:60,0,0,1
BRDA:61,1,0,1
BRDA:61,1,1,1
BRDA:61,1,2,9
BRDA:61,1,3,1
BRDA:61,1,4,2
BRDA:111,2,0,9
BRDA:112,3,0,1
BRDA:112,3,1,1
BRDA:112,3,2,10
BRDA:144,4,0,6
BRDA:144,4,1,2
BRDA:144,5,0,8
BRDA:144,5,1,6
BRDA:165,6,0,0
BRDA:165,6,1,0
BRDA:187,7,0,6
BRDA:187,7,1,2
BRDA:188,8,0,8
BRDA:188,8,1,0
BRDA:189,9,0,8
BRDA:189,9,1,0
BRDA:226,10,0,0
BRDA:226,10,1,0
BRDA:261,11,0,0
BRDA:261,11,1,0
BRF:26
BRH:18
end_of_record
TN:
SF:/home/circleci/repo/src/_core/constants/actionTypes.js
FNF:0
FNH:0
DA:9,1
DA:10,1
DA:11,1
DA:12,1
DA:13,1
DA:14,1
DA:15,1
DA:16,1
DA:17,1
DA:18,1
DA:19,1
DA:20,1
DA:21,1
DA:22,1
DA:23,1
DA:24,1
DA:25,1
DA:28,1
DA:29,1
DA:32,1
DA:33,1
DA:36,1
DA:37,1
DA:38,1
DA:39,1
DA:40,1
DA:41,1
DA:42,1
DA:43,1
DA:44,1
DA:45,1
DA:46,1
DA:47,1
DA:48,1
DA:49,1
DA:50,1
DA:51,1
DA:52,1
DA:53,1
DA:54,1
DA:55,1
DA:56,1
DA:57,1
DA:58,1
DA:59,1
DA:60,1
DA:61,1
DA:62,1
DA:63,1
DA:64,1
DA:65,1
DA:66,1
DA:67,1
DA:70,1
DA:73,1
DA:74,1
DA:75,1
DA:76,1
DA:77,1
DA:80,1
DA:81,1
DA:84,1
DA:85,1
DA:86,1
DA:87,1
DA:88,1
LF:66
LH:66
BRF:0
BRH:0
end_of_record
TN:
SF:/home/circleci/repo/src/_core/actions/analyticsActions.js
FN:10,setAnalyticsEnabled
FN:14,sendAnalyticsBatch
FNF:2
FNH:1
FNDA:3,setAnalyticsEnabled
FNDA:0,sendAnalyticsBatch
DA:11,3
DA:15,0
LF:2
LH:1
BRF:0
BRH:0
end_of_record
TN:
SF:/home/circleci/repo/src/_core/reducers/index.js
FNF:0
FNH:0
DA:22,1
LF:1
LH:1
BRF:0
BRH:0
end_of_record
TN:
SF:/home/circleci/repo/src/_core/reducers/view.js
FN:12,view
FNF:1
FNH:1
FNDA:319,view
DA:13,319
DA:15,0
DA:18,1
DA:21,4
DA:24,0
DA:27,0
DA:30,3
DA:33,0
DA:36,0
DA:39,0
DA:42,0
DA:45,1
DA:48,310
LF:13
LH:6
BRDA:12,0,0,2
BRDA:12,1,0,319
BRDA:13,2,0,0
BRDA:13,2,1,1
BRDA:13,2,2,4
BRDA:13,2,3,0
BRDA:13,2,4,0
BRDA:13,2,5,3
BRDA:13,2,6,0
BRDA:13,2,7,0
BRDA:13,2,8,0
BRDA:13,2,9,0
BRDA:13,2,10,1
BRDA:13,2,11,310
BRF:14
BRH:7
end_of_record
TN:
SF:/home/circleci/repo/src/_core/reducers/models/view.js
FNF:0
FNH:0
DA:11,1
LF:1
LH:1
BRF:0
BRH:0
end_of_record
TN:
SF:/home/circleci/repo/src/_core/reducers/reducerFunctions/ViewReducer.js
FN:20,(anonymous_0)
FN:58,(anonymous_1)
FN:62,(anonymous_2)
FN:66,(anonymous_3)
FN:70,(anonymous_4)
FN:76,(anonymous_5)
FN:80,(anonymous_6)
FN:89,(anonymous_7)
FN:94,(anonymous_8)
FN:98,(anonymous_9)
FN:102,(anonymous_10)
FN:106,(anonymous_11)
FNF:12
FNH:4
FNDA:0,(anonymous_0)
FNDA:1,(anonymous_1)
FNDA:5,(anonymous_2)
FNDA:0,(anonymous_3)
FNDA:0,(anonymous_4)
FNDA:0,(anonymous_5)
FNDA:3,(anonymous_6)
FNDA:1,(anonymous_7)
FNDA:0,(anonymous_8)
FNDA:0,(anonymous_9)
FNDA:0,(anonymous_10)
FNDA:0,(anonymous_11)
DA:24,0
DA:25,0
DA:26,0
DA:40,0
DA:41,0
DA:55,0
DA:59,1
DA:63,5
DA:67,0
DA:68,0
DA:71,0
DA:77,0
DA:81,3
DA:82,2
DA:84,1
DA:86,3
DA:90,1
DA:91,1
DA:95,0
DA:99,0
DA:103,0
DA:107,0
LF:22
LH:8
BRDA:25,0,0,0
BRDA:25,0,1,0
BRDA:40,1,0,0
BRDA:40,1,1,0
BRDA:81,2,0,2
BRDA:81,2,1,1
BRF:6
BRH:2
end_of_record
TN:
SF:/home/circleci/repo/src/_core/reducers/models/alert.js
FNF:0
FNH:0
DA:10,1
DA:14,1
LF:2
LH:2
BRF:0
BRH:0
end_of_record
TN:
SF:/home/circleci/repo/src/_core/reducers/map.js
FN:12,map
FNF:1
FNH:1
FNDA:319,map
DA:13,319
DA:15,57
DA:18,26
DA:21,4
DA:24,2
DA:27,2
DA:30,20
DA:33,0
DA:36,9
DA:39,5
DA:42,2
DA:45,12
DA:48,0
DA:51,0
DA:54,0
DA:57,0
DA:60,0
DA:63,2
DA:66,1
DA:69,0
DA:72,1
DA:75,0
DA:78,0
DA:81,0
DA:84,0
DA:87,0
DA:90,0
DA:93,0
DA:96,0
DA:99,0
DA:102,1
DA:105,8
DA:108,2
DA:111,0
DA:114,0
DA:117,20
DA:120,6
DA:123,3
DA:126,3
DA:129,1
DA:132,132
LF:41
LH:23
BRDA:12,0,0,2
BRDA:12,1,0,319
BRDA:13,2,0,57
BRDA:13,2,1,26
BRDA:13,2,2,4
BRDA:13,2,3,2
BRDA:13,2,4,2
BRDA:13,2,5,20
BRDA:13,2,6,0
BRDA:13,2,7,9
BRDA:13,2,8,5
BRDA:13,2,9,2
BRDA:13,2,10,12
BRDA:13,2,11,0
BRDA:13,2,12,0
BRDA:13,2,13,0
BRDA:13,2,14,0
BRDA:13,2,15,0
BRDA:13,2,16,2
BRDA:13,2,17,1
BRDA:13,2,18,0
BRDA:13,2,19,1
BRDA:13,2,20,0
BRDA:13,2,21,0
BRDA:13,2,22,0
BRDA:13,2,23,0
BRDA:13,2,24,0
BRDA:13,2,25,0
BRDA:13,2,26,0
BRDA:13,2,27,0
BRDA:13,2,28,0
BRDA:13,2,29,1
BRDA:13,2,30,8
BRDA:13,2,31,2
BRDA:13,2,32,0
BRDA:13,2,33,0
BRDA:13,2,34,20
BRDA:13,2,35,6
BRDA:13,2,36,3
BRDA:13,2,37,3
BRDA:13,2,38,1
BRDA:13,2,39,132
BRF:42
BRH:24
end_of_record
TN:
SF:/home/circleci/repo/src/_core/reducers/models/map.js
FNF:0
FNH:0
DA:11,1
DA:62,1
DA:112,1
LF:3
LH:3
BRF:0
BRH:0
end_of_record
TN:
SF:/home/circleci/repo/src/_core/reducers/reducerFunctions/MapReducer.js
FN:26,(anonymous_0)
FN:49,(anonymous_1)
FN:78,(anonymous_2)
FN:86,(anonymous_3)
FN:104,(anonymous_4)
FN:106,(anonymous_5)
FN:123,(anonymous_6)
FN:128,(anonymous_7)
FN:148,(anonymous_8)
FN:150,(anonymous_9)
FN:165,(anonymous_10)
FN:182,(anonymous_11)
FN:223,(anonymous_12)
FN:225,(anonymous_13)
FN:256,(anonymous_14)
FN:257,(anonymous_15)
FN:266,(anonymous_16)
FN:267,(anonymous_17)
FN:276,(anonymous_18)
FN:277,(anonymous_19)
FN:286,(anonymous_20)
FN:308,(anonymous_21)
FN:341,(anonymous_22)
FN:364,(anonymous_23)
FN:405,(anonymous_24)
FN:433,(anonymous_25)
FN:447,(anonymous_26)
FN:473,(anonymous_27)
FN:495,(anonymous_28)
FN:508,(anonymous_29)
FN:509,(anonymous_30)
FN:519,(anonymous_31)
FN:527,(anonymous_32)
FN:548,(anonymous_33)
FN:560,(anonymous_34)
FN:564,(anonymous_35)
FN:568,(anonymous_36)
FN:596,(anonymous_37)
FN:601,(anonymous_38)
FN:607,(anonymous_39)
FN:613,(anonymous_40)
FN:617,(anonymous_41)
FN:621,(anonymous_42)
FN:625,(anonymous_43)
FN:632,(anonymous_44)
FN:677,(anonymous_45)
FN:680,(anonymous_46)
FN:681,(anonymous_47)
FN:727,(anonymous_48)
FN:729,(anonymous_49)
FN:747,(anonymous_50)
FN:751,(anonymous_51)
FN:753,(anonymous_52)
FN:774,(anonymous_53)
FN:778,(anonymous_54)
FN:784,(anonymous_55)
FN:788,(anonymous_56)
FN:798,(anonymous_57)
FN:807,(anonymous_58)
FN:817,(anonymous_59)
FN:826,(anonymous_60)
FN:836,(anonymous_61)
FN:845,(anonymous_62)
FN:855,(anonymous_63)
FN:864,(anonymous_64)
FN:879,(anonymous_65)
FN:890,(anonymous_66)
FN:896,(anonymous_67)
FN:913,(anonymous_68)
FN:915,(anonymous_69)
FN:930,(anonymous_70)
FN:936,(anonymous_71)
FN:954,(anonymous_72)
FN:956,(anonymous_73)
FN:972,(anonymous_74)
FN:975,(anonymous_75)
FN:998,(anonymous_76)
FN:1048,(anonymous_77)
FN:1068,(anonymous_78)
FN:1073,(anonymous_79)
FN:1093,(anonymous_80)
FN:1098,(anonymous_81)
FN:1118,(anonymous_82)
FN:1122,(anonymous_83)
FN:1128,(anonymous_84)
FN:1136,(anonymous_85)
FN:1142,(anonymous_86)
FN:1191,(anonymous_87)
FN:1193,(anonymous_88)
FN:1209,(anonymous_89)
FN:1213,(anonymous_90)
FN:1223,(anonymous_91)
FN:1224,(anonymous_92)
FN:1230,(anonymous_93)
FN:1234,(anonymous_94)
FNF:95
FNH:51
FNDA:57,(anonymous_0)
FNDA:27,(anonymous_1)
FNDA:38,(anonymous_2)
FNDA:24,(anonymous_3)
FNDA:4,(anonymous_4)
FNDA:2,(anonymous_5)
FNDA:3,(anonymous_6)
FNDA:0,(anonymous_7)
FNDA:3,(anonymous_8)
FNDA:3,(anonymous_9)
FNDA:21,(anonymous_10)
FNDA:30,(anonymous_11)
FNDA:0,(anonymous_12)
FNDA:0,(anonymous_13)
FNDA:9,(anonymous_14)
FNDA:12,(anonymous_15)
FNDA:5,(anonymous_16)
FNDA:7,(anonymous_17)
FNDA:2,(anonymous_18)
FNDA:2,(anonymous_19)
FNDA:12,(anonymous_20)
FNDA:15,(anonymous_21)
FNDA:0,(anonymous_22)
FNDA:0,(anonymous_23)
FNDA:0,(anonymous_24)
FNDA:0,(anonymous_25)
FNDA:0,(anonymous_26)
FNDA:0,(anonymous_27)
FNDA:0,(anonymous_28)
FNDA:0,(anonymous_29)
FNDA:0,(anonymous_30)
FNDA:0,(anonymous_31)
FNDA:2,(anonymous_32)
FNDA:1,(anonymous_33)
FNDA:25,(anonymous_34)
FNDA:25,(anonymous_35)
FNDA:3,(anonymous_36)
FNDA:1,(anonymous_37)
FNDA:0,(anonymous_38)
FNDA:0,(anonymous_39)
FNDA:0,(anonymous_40)
FNDA:0,(anonymous_41)
FNDA:0,(anonymous_42)
FNDA:0,(anonymous_43)
FNDA:2,(anonymous_44)
FNDA:0,(anonymous_45)
FNDA:0,(anonymous_46)
FNDA:0,(anonymous_47)
FNDA:0,(anonymous_48)
FNDA:0,(anonymous_49)
FNDA:0,(anonymous_50)
FNDA:0,(anonymous_51)
FNDA:0,(anonymous_52)
FNDA:0,(anonymous_53)
FNDA:0,(anonymous_54)
FNDA:0,(anonymous_55)
FNDA:0,(anonymous_56)
FNDA:0,(anonymous_57)
FNDA:0,(anonymous_58)
FNDA:0,(anonymous_59)
FNDA:0,(anonymous_60)
FNDA:0,(anonymous_61)
FNDA:0,(anonymous_62)
FNDA:0,(anonymous_63)
FNDA:10,(anonymous_64)
FNDA:1,(anonymous_65)
FNDA:8,(anonymous_66)
FNDA:8,(anonymous_67)
FNDA:45,(anonymous_68)
FNDA:58,(anonymous_69)
FNDA:0,(anonymous_70)
FNDA:0,(anonymous_71)
FNDA:43,(anonymous_72)
FNDA:56,(anonymous_73)
FNDA:20,(anonymous_74)
FNDA:28,(anonymous_75)
FNDA:6,(anonymous_76)
FNDA:9,(anonymous_77)
FNDA:4,(anonymous_78)
FNDA:5,(anonymous_79)
FNDA:4,(anonymous_80)
FNDA:5,(anonymous_81)
FNDA:1,(anonymous_82)
FNDA:0,(anonymous_83)
FNDA:0,(anonymous_84)
FNDA:0,(anonymous_85)
FNDA:0,(anonymous_86)
FNDA:12,(anonymous_87)
FNDA:12,(anonymous_88)
FNDA:1,(anonymous_89)
FNDA:254,(anonymous_90)
FNDA:1,(anonymous_91)
FNDA:6,(anonymous_92)
FNDA:1,(anonymous_93)
FNDA:3,(anonymous_94)
DA:27,57
DA:28,57
DA:29,56
DA:32,1
DA:33,1
DA:50,27
DA:53,27
DA:54,27
DA:57,27
DA:61,0
DA:72,0
DA:75,27
DA:76,27
DA:79,38
DA:80,18
DA:82,20
DA:84,38
DA:86,24
DA:87,24
DA:88,24
DA:89,24
DA:91,2
DA:92,2
DA:96,14
DA:98,38
DA:101,27
DA:105,4
DA:106,2
DA:107,2
DA:108,1
DA:109,1
DA:112,1
DA:115,2
DA:116,1
DA:120,3
DA:124,3
DA:128,0
DA:129,0
DA:130,0
DA:131,0
DA:134,0
DA:137,0
DA:138,0
DA:145,3
DA:149,3
DA:150,3
DA:151,3
DA:152,3
DA:154,0
DA:157,3
DA:158,3
DA:162,0
DA:166,21
DA:167,21
DA:168,21
DA:169,0
DA:180,0
DA:182,21
DA:184,30
DA:185,21
DA:186,0
DA:187,0
DA:198,0
DA:201,30
DA:204,21
DA:205,21
DA:220,0
DA:224,0
DA:225,0
DA:226,0
DA:227,0
DA:228,0
DA:230,0
DA:231,0
DA:244,0
DA:253,0
DA:257,9
DA:258,12
DA:259,8
DA:263,9
DA:267,5
DA:268,7
DA:269,5
DA:273,5
DA:277,2
DA:278,2
DA:279,2
DA:283,2
DA:287,12
DA:290,12
DA:291,12
DA:292,12
DA:293,12
DA:294,0
DA:307,12
DA:308,10
DA:309,15
DA:310,15
DA:312,0
DA:313,0
DA:324,0
DA:327,10
DA:328,10
DA:329,10
DA:335,10
DA:338,12
DA:343,0
DA:344,0
DA:345,0
DA:346,0
DA:347,0
DA:351,0
DA:355,0
DA:356,0
DA:361,0
DA:365,0
DA:368,0
DA:369,0
DA:370,0
DA:371,0
DA:372,0
DA:383,0
DA:388,0
DA:389,0
DA:390,0
DA:402,0
DA:404,0
DA:405,0
DA:406,0
DA:409,0
DA:415,0
DA:429,0
DA:435,0
DA:436,0
DA:437,0
DA:438,0
DA:439,0
DA:443,0
DA:444,0
DA:448,0
DA:451,0
DA:452,0
DA:453,0
DA:454,0
DA:455,0
DA:465,0
DA:469,0
DA:473,0
DA:474,0
DA:475,0
DA:477,0
DA:478,0
DA:489,0
DA:492,0
DA:493,0
DA:496,0
DA:497,0
DA:499,0
DA:501,0
DA:505,0
DA:509,0
DA:510,0
DA:511,0
DA:513,0
DA:516,0
DA:517,0
DA:520,0
DA:522,0
DA:524,0
DA:528,2
DA:529,1
DA:530,1
DA:531,1
DA:535,1
DA:536,1
DA:537,1
DA:538,1
DA:543,0
DA:545,0
DA:549,1
DA:550,1
DA:551,1
DA:552,1
DA:553,1
DA:554,1
DA:556,6
DA:558,6
DA:560,6
DA:561,25
DA:564,6
DA:565,25
DA:568,6
DA:569,3
DA:570,0
DA:572,3
DA:575,6
DA:578,6
DA:582,6
DA:587,0
DA:593,1
DA:599,1
DA:602,0
DA:605,1
DA:608,0
DA:611,1
DA:614,0
DA:617,1
DA:618,0
DA:621,1
DA:622,0
DA:625,1
DA:626,0
DA:629,1
DA:633,2
DA:634,2
DA:635,2
DA:638,2
DA:639,1
DA:643,1
DA:645,0
DA:646,0
DA:648,0
DA:651,0
DA:652,0
DA:654,0
DA:665,0
DA:670,1
DA:671,0
DA:672,1
DA:673,0
DA:677,1
DA:678,0
DA:680,0
DA:681,0
DA:682,0
DA:684,0
DA:685,0
DA:686,0
DA:697,0
DA:703,0
DA:704,0
DA:715,0
DA:720,1
DA:721,1
DA:724,1
DA:728,0
DA:729,0
DA:730,0
DA:731,0
DA:732,0
DA:733,0
DA:739,0
DA:742,0
DA:744,0
DA:748,0
DA:752,0
DA:753,0
DA:754,0
DA:755,0
DA:756,0
DA:757,0
DA:758,0
DA:759,0
DA:765,0
DA:769,0
DA:771,0
DA:775,0
DA:776,0
DA:779,0
DA:785,0
DA:790,0
DA:791,0
DA:792,0
DA:793,0
DA:794,0
DA:798,0
DA:799,0
DA:802,0
DA:804,0
DA:809,0
DA:810,0
DA:811,0
DA:812,0
DA:813,0
DA:817,0
DA:818,0
DA:821,0
DA:823,0
DA:828,0
DA:829,0
DA:830,0
DA:831,0
DA:832,0
DA:836,0
DA:837,0
DA:840,0
DA:842,0
DA:847,0
DA:848,0
DA:849,0
DA:850,0
DA:851,0
DA:855,0
DA:856,0
DA:859,0
DA:861,0
DA:866,10
DA:868,10
DA:869,10
DA:870,14
DA:876,10
DA:880,1
DA:881,1
DA:882,1
DA:883,1
DA:884,1
DA:887,1
DA:891,8
DA:892,8
DA:893,8
DA:896,8
DA:897,8
DA:898,8
DA:899,8
DA:902,0
DA:905,8
DA:906,8
DA:910,0
DA:915,45
DA:916,58
DA:917,58
DA:919,0
DA:922,45
DA:923,45
DA:927,0
DA:931,0
DA:932,0
DA:933,0
DA:936,0
DA:937,0
DA:938,0
DA:939,0
DA:942,0
DA:945,0
DA:946,0
DA:951,0
DA:956,43
DA:957,56
DA:958,56
DA:960,0
DA:963,43
DA:964,43
DA:969,0
DA:973,20
DA:975,20
DA:977,28
DA:978,15
DA:979,0
DA:980,0
DA:995,20
DA:999,6
DA:1002,6
DA:1006,6
DA:1007,2
DA:1011,4
DA:1012,4
DA:1018,0
DA:1029,0
DA:1033,6
DA:1040,6
DA:1041,6
DA:1048,6
DA:1049,9
DA:1050,0
DA:1051,0
DA:1065,6
DA:1069,4
DA:1070,4
DA:1072,4
DA:1073,4
DA:1074,5
DA:1075,0
DA:1076,0
DA:1090,4
DA:1094,4
DA:1095,4
DA:1097,4
DA:1098,4
DA:1099,5
DA:1100,0
DA:1101,0
DA:1115,4
DA:1119,1
DA:1122,1
DA:1123,0
DA:1128,1
DA:1129,0
DA:1136,1
DA:1137,0
DA:1142,1
DA:1143,0
DA:1150,1
DA:1155,1
DA:1163,1
DA:1166,1
DA:1171,1
DA:1176,1
DA:1179,1
DA:1182,1
DA:1184,1
DA:1192,12
DA:1193,12
DA:1194,12
DA:1195,12
DA:1196,12
DA:1197,12
DA:1200,12
DA:1201,0
DA:1206,12
DA:1210,1
DA:1214,254
DA:1224,1
DA:1225,6
DA:1226,6
DA:1231,1
DA:1232,1
DA:1233,1
DA:1234,1
DA:1235,3
DA:1242,3
DA:1249,1
DA:1251,0
LF:432
LH:215
BRDA:28,0,0,56
BRDA:28,0,1,1
BRDA:28,1,0,57
BRDA:28,1,1,56
BRDA:32,2,0,0
BRDA:32,2,1,1
BRDA:57,3,0,0
BRDA:57,3,1,27
BRDA:58,4,0,27
BRDA:58,4,1,14
BRDA:79,5,0,18
BRDA:79,5,1,20
BRDA:84,6,0,24
BRDA:84,6,1,14
BRDA:89,7,0,2
BRDA:89,7,1,22
BRDA:89,8,0,24
BRDA:89,8,1,12
BRDA:89,8,2,2
BRDA:105,9,0,2
BRDA:105,9,1,2
BRDA:107,10,0,1
BRDA:107,10,1,1
BRDA:108,11,0,1
BRDA:108,11,1,0
BRDA:115,12,0,1
BRDA:115,12,1,1
BRDA:124,13,0,0
BRDA:124,13,1,3
BRDA:129,14,0,0
BRDA:129,14,1,0
BRDA:130,15,0,0
BRDA:130,15,1,0
BRDA:137,16,0,0
BRDA:137,16,1,0
BRDA:149,17,0,3
BRDA:149,17,1,0
BRDA:151,18,0,3
BRDA:151,18,1,0
BRDA:157,19,0,3
BRDA:157,19,1,0
BRDA:168,20,0,0
BRDA:168,20,1,21
BRDA:184,21,0,21
BRDA:184,21,1,9
BRDA:185,22,0,0
BRDA:185,22,1,21
BRDA:186,23,0,0
BRDA:186,23,1,0
BRDA:204,24,0,21
BRDA:204,24,1,0
BRDA:208,25,0,21
BRDA:208,25,1,0
BRDA:214,26,0,1
BRDA:214,26,1,20
BRDA:226,27,0,0
BRDA:226,27,1,0
BRDA:227,28,0,0
BRDA:227,28,1,0
BRDA:230,29,0,0
BRDA:230,29,1,0
BRDA:258,30,0,8
BRDA:258,30,1,4
BRDA:268,31,0,5
BRDA:268,31,1,2
BRDA:278,32,0,2
BRDA:278,32,1,0
BRDA:291,33,0,12
BRDA:291,33,1,0
BRDA:293,34,0,0
BRDA:293,34,1,12
BRDA:307,35,0,10
BRDA:307,35,1,2
BRDA:307,36,0,12
BRDA:307,36,1,12
BRDA:309,37,0,15
BRDA:309,37,1,0
BRDA:312,38,0,0
BRDA:312,38,1,0
BRDA:327,39,0,10
BRDA:327,39,1,0
BRDA:344,40,0,0
BRDA:344,40,1,0
BRDA:346,41,0,0
BRDA:346,41,1,0
BRDA:351,42,0,0
BRDA:351,42,1,0
BRDA:352,43,0,0
BRDA:352,43,1,0
BRDA:369,44,0,0
BRDA:369,44,1,0
BRDA:371,45,0,0
BRDA:371,45,1,0
BRDA:389,46,0,0
BRDA:389,46,1,0
BRDA:402,47,0,0
BRDA:402,47,1,0
BRDA:402,48,0,0
BRDA:402,48,1,0
BRDA:404,49,0,0
BRDA:404,49,1,0
BRDA:436,50,0,0
BRDA:436,50,1,0
BRDA:438,51,0,0
BRDA:438,51,1,0
BRDA:452,52,0,0
BRDA:452,52,1,0
BRDA:454,53,0,0
BRDA:454,53,1,0
BRDA:469,54,0,0
BRDA:469,54,1,0
BRDA:470,55,0,0
BRDA:470,55,1,0
BRDA:474,56,0,0
BRDA:474,56,1,0
BRDA:477,57,0,0
BRDA:477,57,1,0
BRDA:492,58,0,0
BRDA:492,58,1,0
BRDA:496,59,0,0
BRDA:496,59,1,0
BRDA:510,60,0,0
BRDA:510,60,1,0
BRDA:516,61,0,0
BRDA:516,61,1,0
BRDA:528,62,0,1
BRDA:528,62,1,1
BRDA:535,63,0,1
BRDA:535,63,1,0
BRDA:569,64,0,0
BRDA:569,64,1,3
BRDA:578,65,0,6
BRDA:578,65,1,0
BRDA:579,66,0,6
BRDA:579,66,1,6
BRDA:638,67,0,1
BRDA:638,67,1,1
BRDA:643,68,0,0
BRDA:643,68,1,1
BRDA:645,69,0,0
BRDA:645,69,1,0
BRDA:651,70,0,0
BRDA:651,70,1,0
BRDA:670,71,0,0
BRDA:670,71,1,1
BRDA:672,72,0,0
BRDA:672,72,1,1
BRDA:678,73,0,0
BRDA:678,73,1,0
BRDA:682,74,0,0
BRDA:682,74,1,0
BRDA:682,75,0,0
BRDA:682,75,1,0
BRDA:684,76,0,0
BRDA:684,76,1,0
BRDA:685,77,0,0
BRDA:685,77,1,0
BRDA:703,78,0,0
BRDA:703,78,1,0
BRDA:720,79,0,1
BRDA:720,79,1,0
BRDA:730,80,0,0
BRDA:730,80,1,0
BRDA:732,81,0,0
BRDA:732,81,1,0
BRDA:754,82,0,0
BRDA:754,82,1,0
BRDA:756,83,0,0
BRDA:756,83,1,0
BRDA:758,84,0,0
BRDA:758,84,1,0
BRDA:791,85,0,0
BRDA:791,85,1,0
BRDA:793,86,0,0
BRDA:793,86,1,0
BRDA:810,87,0,0
BRDA:810,87,1,0
BRDA:812,88,0,0
BRDA:812,88,1,0
BRDA:829,89,0,0
BRDA:829,89,1,0
BRDA:831,90,0,0
BRDA:831,90,1,0
BRDA:848,91,0,0
BRDA:848,91,1,0
BRDA:850,92,0,0
BRDA:850,92,1,0
BRDA:880,93,0,1
BRDA:880,93,1,0
BRDA:880,94,0,1
BRDA:880,94,1,1
BRDA:897,95,0,8
BRDA:897,95,1,0
BRDA:898,96,0,8
BRDA:898,96,1,0
BRDA:905,97,0,8
BRDA:905,97,1,0
BRDA:916,98,0,58
BRDA:916,98,1,0
BRDA:922,99,0,45
BRDA:922,99,1,0
BRDA:937,100,0,0
BRDA:937,100,1,0
BRDA:938,101,0,0
BRDA:938,101,1,0
BRDA:945,102,0,0
BRDA:945,102,1,0
BRDA:957,103,0,56
BRDA:957,103,1,0
BRDA:963,104,0,43
BRDA:963,104,1,0
BRDA:977,105,0,15
BRDA:977,105,1,13
BRDA:978,106,0,0
BRDA:978,106,1,15
BRDA:979,107,0,0
BRDA:979,107,1,0
BRDA:1006,108,0,2
BRDA:1006,108,1,4
BRDA:1011,109,0,4
BRDA:1011,109,1,0
BRDA:1049,110,0,0
BRDA:1049,110,1,9
BRDA:1050,111,0,0
BRDA:1050,111,1,0
BRDA:1074,112,0,0
BRDA:1074,112,1,5
BRDA:1075,113,0,0
BRDA:1075,113,1,0
BRDA:1099,114,0,0
BRDA:1099,114,1,5
BRDA:1100,115,0,0
BRDA:1100,115,1,0
BRDA:1195,116,0,12
BRDA:1195,116,1,0
BRDA:1200,117,0,0
BRDA:1200,117,1,12
BRDA:1232,118,0,1
BRDA:1232,118,1,0
BRF:239
BRH:84
end_of_record
TN:
SF:/home/circleci/repo/src/utils/MapCreator.js
FN:22,createMap
FNF:1
FNH:1
FNDA:57,createMap
DA:23,57
DA:25,31
DA:27,25
DA:29,1
LF:4
LH:4
BRDA:23,0,0,31
BRDA:23,0,1,25
BRDA:23,0,2,1
BRF:3
BRH:3
end_of_record
TN:
SF:/home/circleci/repo/src/_core/utils/MapWrapperOpenlayers.js
FN:63,(anonymous_0)
FN:86,(anonymous_1)
FN:134,(anonymous_2)
FN:185,(anonymous_3)
FN:264,(anonymous_4)
FN:277,(anonymous_5)
FN:297,(anonymous_6)
FN:315,(anonymous_7)
FN:368,(anonymous_8)
FN:389,(anonymous_9)
FN:426,(anonymous_10)
FN:439,(anonymous_11)
FN:450,(anonymous_12)
FN:463,(anonymous_13)
FN:490,(anonymous_14)
FN:501,(anonymous_15)
FN:524,(anonymous_16)
FN:542,(anonymous_17)
FN:590,(anonymous_18)
FN:615,(anonymous_19)
FN:640,(anonymous_20)
FN:671,(anonymous_21)
FN:679,(anonymous_22)
FN:690,(anonymous_23)
FN:709,(anonymous_24)
FN:716,(anonymous_25)
FN:736,(anonymous_26)
FN:767,(anonymous_27)
FN:775,(anonymous_28)
FN:788,(anonymous_29)
FN:807,(anonymous_30)
FN:814,(anonymous_31)
FN:835,(anonymous_32)
FN:839,(anonymous_33)
FN:862,(anonymous_34)
FN:880,(anonymous_35)
FN:919,(anonymous_36)
FN:950,(anonymous_37)
FN:991,(anonymous_38)
FN:1028,(anonymous_39)
FN:1038,(anonymous_40)
FN:1047,(anonymous_41)
FN:1057,(anonymous_42)
FN:1067,(anonymous_43)
FN:1078,(anonymous_44)
FN:1091,(anonymous_45)
FN:1104,(anonymous_46)
FN:1113,(anonymous_47)
FN:1117,(anonymous_48)
FN:1131,(anonymous_49)
FN:1136,(anonymous_50)
FN:1178,(anonymous_51)
FN:1203,(anonymous_52)
FN:1245,(anonymous_53)
FN:1265,(anonymous_54)
FN:1272,(anonymous_55)
FN:1292,(anonymous_56)
FN:1299,(anonymous_57)
FN:1326,(anonymous_58)
FN:1330,(anonymous_59)
FN:1336,(anonymous_60)
FN:1366,(anonymous_61)
FN:1385,(anonymous_62)
FN:1403,(anonymous_63)
FN:1422,(anonymous_64)
FN:1460,(anonymous_65)
FN:1487,(anonymous_66)
FN:1503,(anonymous_67)
FN:1526,(anonymous_68)
FN:1558,(anonymous_69)
FN:1580,(anonymous_70)
FN:1584,(anonymous_71)
FN:1588,(anonymous_72)
FN:1608,(anonymous_73)
FN:1623,(anonymous_74)
FN:1643,(anonymous_75)
FN:1678,(anonymous_76)
FN:1710,(anonymous_77)
FN:1744,(anonymous_78)
FN:1774,(anonymous_79)
FN:1806,(anonymous_80)
FN:1835,(anonymous_81)
FN:1868,(anonymous_82)
FN:1900,(anonymous_83)
FN:1904,(anonymous_84)
FN:1927,(anonymous_85)
FN:1942,(anonymous_86)
FN:1975,(anonymous_87)
FN:2016,(anonymous_88)
FN:2027,(anonymous_89)
FN:2060,(anonymous_90)
FN:2111,(anonymous_91)
FN:2152,(anonymous_92)
FN:2198,(anonymous_93)
FN:2220,(anonymous_94)
FN:2250,(anonymous_95)
FN:2280,(anonymous_96)
FN:2310,(anonymous_97)
FN:2343,(anonymous_98)
FNF:99
FNH:54
FNDA:31,(anonymous_0)
FNDA:31,(anonymous_1)
FNDA:31,(anonymous_2)
FNDA:6,(anonymous_3)
FNDA:0,(anonymous_4)
FNDA:12,(anonymous_5)
FNDA:2,(anonymous_6)
FNDA:8,(anonymous_7)
FNDA:8,(anonymous_8)
FNDA:4,(anonymous_9)
FNDA:4,(anonymous_10)
FNDA:6,(anonymous_11)
FNDA:6,(anonymous_12)
FNDA:4,(anonymous_13)
FNDA:0,(anonymous_14)
FNDA:22,(anonymous_15)
FNDA:0,(anonymous_16)
FNDA:0,(anonymous_17)
FNDA:8,(anonymous_18)
FNDA:5,(anonymous_19)
FNDA:4,(anonymous_20)
FNDA:33,(anonymous_21)
FNDA:5,(anonymous_22)
FNDA:29,(anonymous_23)
FNDA:0,(anonymous_24)
FNDA:0,(anonymous_25)
FNDA:0,(anonymous_26)
FNDA:32,(anonymous_27)
FNDA:0,(anonymous_28)
FNDA:28,(anonymous_29)
FNDA:0,(anonymous_30)
FNDA:0,(anonymous_31)
FNDA:69,(anonymous_32)
FNDA:69,(anonymous_33)
FNDA:20,(anonymous_34)
FNDA:8,(anonymous_35)
FNDA:9,(anonymous_36)
FNDA:7,(anonymous_37)
FNDA:6,(anonymous_38)
FNDA:4,(anonymous_39)
FNDA:3,(anonymous_40)
FNDA:2,(anonymous_41)
FNDA:4,(anonymous_42)
FNDA:3,(anonymous_43)
FNDA:3,(anonymous_44)
FNDA:1,(anonymous_45)
FNDA:4,(anonymous_46)
FNDA:0,(anonymous_47)
FNDA:0,(anonymous_48)
FNDA:0,(anonymous_49)
FNDA:0,(anonymous_50)
FNDA:0,(anonymous_51)
FNDA:0,(anonymous_52)
FNDA:0,(anonymous_53)
FNDA:0,(anonymous_54)
FNDA:0,(anonymous_55)
FNDA:0,(anonymous_56)
FNDA:0,(anonymous_57)
FNDA:3,(anonymous_58)
FNDA:0,(anonymous_59)
FNDA:0,(anonymous_60)
FNDA:8,(anonymous_61)
FNDA:2,(anonymous_62)
FNDA:0,(anonymous_63)
FNDA:8,(anonymous_64)
FNDA:2,(anonymous_65)
FNDA:10,(anonymous_66)
FNDA:0,(anonymous_67)
FNDA:0,(anonymous_68)
FNDA:0,(anonymous_69)
FNDA:0,(anonymous_70)
FNDA:0,(anonymous_71)
FNDA:0,(anonymous_72)
FNDA:12,(anonymous_73)
FNDA:0,(anonymous_74)
FNDA:0,(anonymous_75)
FNDA:0,(anonymous_76)
FNDA:8,(anonymous_77)
FNDA:0,(anonymous_78)
FNDA:0,(anonymous_79)
FNDA:0,(anonymous_80)
FNDA:0,(anonymous_81)
FNDA:0,(anonymous_82)
FNDA:10,(anonymous_83)
FNDA:24,(anonymous_84)
FNDA:0,(anonymous_85)
FNDA:0,(anonymous_86)
FNDA:6,(anonymous_87)
FNDA:6,(anonymous_88)
FNDA:0,(anonymous_89)
FNDA:8,(anonymous_90)
FNDA:0,(anonymous_91)
FNDA:4,(anonymous_92)
FNDA:0,(anonymous_93)
FNDA:0,(anonymous_94)
FNDA:0,(anonymous_95)
FNDA:4,(anonymous_96)
FNDA:8,(anonymous_97)
FNDA:24,(anonymous_98)
DA:64,31
DA:65,31
DA:66,31
DA:67,31
DA:68,31
DA:69,31
DA:70,31
DA:71,31
DA:72,31
DA:73,31
DA:75,31
DA:87,31
DA:89,31
DA:91,31
DA:96,31
DA:97,31
DA:100,31
DA:101,31
DA:102,31
DA:104,31
DA:123,0
DA:124,0
DA:135,31
DA:136,31
DA:153,31
DA:168,31
DA:184,31
DA:185,31
DA:186,6
DA:189,31
DA:190,31
DA:191,31
DA:195,31
DA:214,31
DA:229,31
DA:232,31
DA:235,31
DA:253,31
DA:255,31
DA:257,31
DA:260,31
DA:265,0
DA:278,12
DA:279,12
DA:280,12
DA:281,2
DA:283,10
DA:286,0
DA:287,0
DA:298,2
DA:299,2
DA:300,2
DA:302,0
DA:303,0
DA:316,8
DA:319,8
DA:320,8
DA:321,0
DA:322,0
DA:323,0
DA:324,0
DA:327,8
DA:329,4
DA:330,4
DA:332,0
DA:333,0
DA:335,0
DA:336,0
DA:338,0
DA:339,0
DA:341,0
DA:342,0
DA:344,4
DA:345,4
DA:347,0
DA:351,0
DA:352,0
DA:355,8
DA:357,8
DA:369,8
DA:370,8
DA:371,8
DA:372,8
DA:373,8
DA:374,8
DA:376,0
DA:377,0
DA:390,4
DA:391,4
DA:392,4
DA:393,4
DA:398,4
DA:405,4
DA:407,4
DA:409,0
DA:411,0
DA:412,0
DA:428,4
DA:432,4
DA:433,4
DA:437,4
DA:438,4
DA:439,4
DA:440,6
DA:450,4
DA:451,6
DA:464,4
DA:465,4
DA:468,4
DA:469,0
DA:472,4
DA:479,0
DA:480,0
DA:491,0
DA:502,22
DA:503,22
DA:504,22
DA:505,22
DA:509,22
DA:511,0
DA:513,0
DA:514,0
DA:525,0
DA:526,0
DA:528,0
DA:529,0
DA:543,0
DA:544,0
DA:545,0
DA:546,0
DA:547,0
DA:549,0
DA:551,0
DA:552,0
DA:554,0
DA:555,0
DA:557,0
DA:558,0
DA:560,0
DA:561,0
DA:563,0
DA:566,0
DA:567,0
DA:568,0
DA:569,0
DA:570,0
DA:571,0
DA:576,0
DA:578,0
DA:579,0
DA:591,8
DA:592,8
DA:593,8
DA:594,8
DA:599,8
DA:601,0
DA:603,0
DA:604,0
DA:616,5
DA:617,5
DA:618,5
DA:619,5
DA:624,5
DA:626,0
DA:628,0
DA:629,0
DA:641,4
DA:643,4
DA:646,4
DA:651,4
DA:653,4
DA:655,4
DA:657,0
DA:659,0
DA:660,0
DA:672,33
DA:674,33
DA:679,33
DA:680,5
DA:683,5
DA:684,0
DA:689,33
DA:690,29
DA:691,29
DA:694,4
DA:696,33
DA:698,0
DA:699,0
DA:710,0
DA:711,0
DA:716,0
DA:717,0
DA:718,0
DA:721,0
DA:723,0
DA:724,0
DA:737,0
DA:739,0
DA:742,0
DA:747,0
DA:749,0
DA:751,0
DA:753,0
DA:755,0
DA:756,0
DA:768,32
DA:770,32
DA:775,32
DA:776,0
DA:779,0
DA:780,0
DA:787,32
DA:788,28
DA:789,28
DA:792,4
DA:794,32
DA:796,0
DA:797,0
DA:808,0
DA:809,0
DA:814,0
DA:815,0
DA:816,0
DA:819,0
DA:821,0
DA:822,0
DA:836,69
DA:837,69
DA:840,69
DA:843,69
DA:844,69
DA:846,69
DA:848,0
DA:849,0
DA:863,20
DA:881,8
DA:882,8
DA:883,8
DA:884,0
DA:885,0
DA:887,8
DA:888,3
DA:889,3
DA:890,3
DA:901,0
DA:906,0
DA:908,3
DA:911,3
DA:912,3
DA:913,3
DA:914,3
DA:916,5
DA:917,3
DA:918,3
DA:919,3
DA:920,9
DA:924,3
DA:925,0
DA:928,3
DA:930,0
DA:935,0
DA:938,3
DA:941,3
DA:942,3
DA:943,3
DA:944,3
DA:946,2
DA:947,2
DA:948,2
DA:950,2
DA:951,7
DA:954,2
DA:957,2
DA:958,0
DA:962,2
DA:964,0
DA:969,0
DA:971,2
DA:974,2
DA:975,2
DA:976,2
DA:977,2
DA:979,0
DA:992,6
DA:994,6
DA:995,6
DA:996,6
DA:999,6
DA:1006,6
DA:1007,18
DA:1008,18
DA:1013,6
DA:1014,6
DA:1015,6
DA:1017,0
DA:1018,0
DA:1029,4
DA:1030,4
DA:1031,4
DA:1032,0
DA:1033,0
DA:1036,4
DA:1037,4
DA:1038,3
DA:1040,4
DA:1041,1
DA:1043,4
DA:1047,2
DA:1058,4
DA:1059,4
DA:1060,4
DA:1061,0
DA:1062,0
DA:1065,4
DA:1066,4
DA:1067,3
DA:1069,4
DA:1070,0
DA:1073,4
DA:1074,4
DA:1078,3
DA:1092,1
DA:1105,4
DA:1106,4
DA:1107,4
DA:1112,4
DA:1113,4
DA:1114,0
DA:1117,0
DA:1118,0
DA:1119,0
DA:1120,0
DA:1121,0
DA:1123,0
DA:1126,0
DA:1127,0
DA:1128,0
DA:1129,0
DA:1131,4
DA:1132,0
DA:1133,0
DA:1136,0
DA:1137,0
DA:1138,0
DA:1139,0
DA:1140,0
DA:1142,0
DA:1146,0
DA:1147,0
DA:1150,0
DA:1151,0
DA:1152,0
DA:1153,0
DA:1156,4
DA:1157,4
DA:1158,4
DA:1159,0
DA:1160,0
DA:1161,0
DA:1162,0
DA:1163,0
DA:1164,0
DA:1165,0
DA:1166,0
DA:1167,0
DA:1170,4
DA:1171,1
DA:1172,3
DA:1173,2
DA:1174,1
DA:1175,1
DA:1178,4
DA:1179,0
DA:1181,4
DA:1189,4
DA:1192,0
DA:1203,4
DA:1204,0
DA:1206,0
DA:1207,0
DA:1208,0
DA:1209,0
DA:1214,4
DA:1217,4
DA:1218,4
DA:1221,4
DA:1222,4
DA:1224,0
DA:1226,0
DA:1227,0
DA:1246,0
DA:1247,0
DA:1248,0
DA:1259,0
DA:1260,0
DA:1261,0
DA:1262,0
DA:1266,0
DA:1269,0
DA:1273,0
DA:1276,0
DA:1286,0
DA:1287,0
DA:1288,0
DA:1289,0
DA:1293,0
DA:1296,0
DA:1300,0
DA:1303,0
DA:1315,0
DA:1327,3
DA:1329,3
DA:1330,3
DA:1331,0
DA:1332,0
DA:1336,3
DA:1337,0
DA:1338,0
DA:1342,0
DA:1343,0
DA:1348,0
DA:1349,0
DA:1352,3
DA:1354,0
DA:1355,0
DA:1367,8
DA:1368,8
DA:1369,8
DA:1370,8
DA:1371,8
DA:1373,0
DA:1374,0
DA:1386,2
DA:1387,2
DA:1388,2
DA:1390,0
DA:1391,0
DA:1404,0
DA:1405,0
DA:1406,0
DA:1407,0
DA:1409,0
DA:1410,0
DA:1423,8
DA:1424,8
DA:1427,8
DA:1428,8
DA:1429,0
DA:1430,0
DA:1434,8
DA:1437,8
DA:1438,0
DA:1442,8
DA:1443,8
DA:1444,8
DA:1446,0
DA:1447,0
DA:1461,2
DA:1463,2
DA:1464,2
DA:1467,2
DA:1468,2
DA:1472,0
DA:1474,0
DA:1475,0
DA:1488,10
DA:1489,8
DA:1491,2
DA:1504,0
DA:1505,0
DA:1506,0
DA:1507,0
DA:1508,0
DA:1509,0
DA:1511,0
DA:1513,0
DA:1514,0
DA:1527,0
DA:1529,0
DA:1530,0
DA:1532,0
DA:1533,0
DA:1537,0
DA:1539,0
DA:1541,0
DA:1542,0
DA:1544,0
DA:1546,0
DA:1547,0
DA:1559,0
DA:1560,0
DA:1561,0
DA:1562,0
DA:1563,0
DA:1565,0
DA:1567,0
DA:1568,0
DA:1581,0
DA:1582,0
DA:1584,0
DA:1585,0
DA:1588,0
DA:1589,0
DA:1592,0
DA:1594,0
DA:1597,0
DA:1598,0
DA:1609,12
DA:1610,12
DA:1612,0
DA:1613,0
DA:1624,0
DA:1625,0
DA:1630,0
DA:1631,0
DA:1644,0
DA:1645,0
DA:1646,0
DA:1651,0
DA:1652,0
DA:1661,0
DA:1664,0
DA:1667,0
DA:1668,0
DA:1669,0
DA:1671,0
DA:1672,0
DA:1674,0
DA:1675,0
DA:1677,0
DA:1678,0
DA:1679,0
DA:1684,0
DA:1686,0
DA:1688,0
DA:1689,0
DA:1692,0
DA:1694,0
DA:1695,0
DA:1711,8
DA:1713,8
DA:1715,8
DA:1719,8
DA:1721,0
DA:1722,0
DA:1724,0
DA:1726,8
DA:1728,0
DA:1729,0
DA:1745,0
DA:1746,0
DA:1747,0
DA:1748,0
DA:1754,0
DA:1760,0
DA:1762,0
DA:1763,0
DA:1775,0
DA:1776,0
DA:1777,0
DA:1782,0
DA:1783,0
DA:1784,0
DA:1785,0
DA:1786,0
DA:1787,0
DA:1788,0
DA:1790,0
DA:1792,0
DA:1793,0
DA:1807,0
DA:1808,0
DA:1809,0
DA:1814,0
DA:1815,0
DA:1816,0
DA:1817,0
DA:1818,0
DA:1819,0
DA:1821,0
DA:1823,0
DA:1824,0
DA:1836,0
DA:1837,0
DA:1838,0
DA:1843,0
DA:1844,0
DA:1845,0
DA:1846,0
DA:1847,0
DA:1848,0
DA:1849,0
DA:1850,0
DA:1852,0
DA:1854,0
DA:1855,0
DA:1869,0
DA:1870,0
DA:1871,0
DA:1876,0
DA:1877,0
DA:1878,0
DA:1879,0
DA:1880,0
DA:1881,0
DA:1883,0
DA:1885,0
DA:1887,0
DA:1888,0
DA:1901,10
DA:1902,10
DA:1903,10
DA:1904,10
DA:1905,24
DA:1909,14
DA:1912,10
DA:1914,0
DA:1915,0
DA:1928,0
DA:1929,0
DA:1931,0
DA:1932,0
DA:1943,0
DA:1944,0
DA:1945,0
DA:1947,0
DA:1948,0
DA:1976,6
DA:1977,6
DA:1978,6
DA:1982,6
DA:1986,6
DA:1987,6
DA:1998,0
DA:2000,0
DA:2001,0
DA:2017,6
DA:2018,6
DA:2021,6
DA:2022,0
DA:2028,0
DA:2032,6
DA:2034,0
DA:2035,0
DA:2062,8
DA:2063,8
DA:2064,8
DA:2065,0
DA:2069,8
DA:2071,4
DA:2073,0
DA:2075,0
DA:2077,0
DA:2079,0
DA:2081,4
DA:2083,0
DA:2087,0
DA:2112,0
DA:2153,4
DA:2199,0
DA:2222,0
DA:2226,0
DA:2229,0
DA:2235,0
DA:2252,0
DA:2256,0
DA:2259,0
DA:2265,0
DA:2282,4
DA:2286,0
DA:2289,0
DA:2295,4
DA:2311,8
DA:2312,8
DA:2314,8
DA:2316,0
DA:2317,8
DA:2319,0
DA:2322,8
DA:2323,12
DA:2324,12
DA:2328,4
DA:2331,4
DA:2333,4
DA:2344,24
LF:685
LH:296
BRDA:75,0,0,31
BRDA:75,0,1,0
BRDA:263,1,0,0
BRDA:280,2,0,2
BRDA:280,2,1,10
BRDA:315,3,0,8
BRDA:320,4,0,0
BRDA:320,4,1,8
BRDA:320,5,0,8
BRDA:320,5,1,8
BRDA:327,6,0,4
BRDA:327,6,1,0
BRDA:327,6,2,0
BRDA:327,6,3,0
BRDA:327,6,4,0
BRDA:327,6,5,4
BRDA:327,6,6,0
BRDA:389,7,0,0
BRDA:391,8,0,4
BRDA:391,8,1,0
BRDA:391,9,0,4
BRDA:391,9,1,4
BRDA:428,10,0,4
BRDA:428,10,1,0
BRDA:429,11,0,4
BRDA:429,11,1,4
BRDA:463,12,0,0
BRDA:468,13,0,0
BRDA:468,13,1,4
BRDA:503,14,0,22
BRDA:503,14,1,0
BRDA:504,15,0,22
BRDA:504,15,1,4
BRDA:547,16,0,0
BRDA:547,16,1,0
BRDA:549,17,0,0
BRDA:549,17,1,0
BRDA:549,17,2,0
BRDA:549,17,3,0
BRDA:549,17,4,0
BRDA:590,18,0,8
BRDA:592,19,0,8
BRDA:592,19,1,0
BRDA:592,20,0,8
BRDA:592,20,1,8
BRDA:615,21,0,5
BRDA:617,22,0,5
BRDA:617,22,1,0
BRDA:617,23,0,5
BRDA:617,23,1,5
BRDA:651,24,0,4
BRDA:651,24,1,0
BRDA:671,25,0,29
BRDA:683,26,0,0
BRDA:683,26,1,5
BRDA:689,27,0,29
BRDA:689,27,1,4
BRDA:717,28,0,0
BRDA:717,28,1,0
BRDA:747,29,0,0
BRDA:747,29,1,0
BRDA:767,30,0,28
BRDA:779,31,0,0
BRDA:779,31,1,0
BRDA:787,32,0,28
BRDA:787,32,1,4
BRDA:815,33,0,0
BRDA:815,33,1,0
BRDA:843,34,0,69
BRDA:843,34,1,0
BRDA:880,35,0,0
BRDA:883,36,0,0
BRDA:883,36,1,8
BRDA:887,37,0,3
BRDA:887,37,1,5
BRDA:889,38,0,3
BRDA:889,38,1,0
BRDA:916,39,0,3
BRDA:916,39,1,2
BRDA:918,40,0,3
BRDA:918,40,1,0
BRDA:924,41,0,0
BRDA:924,41,1,3
BRDA:946,42,0,2
BRDA:946,42,1,0
BRDA:948,43,0,2
BRDA:948,43,1,0
BRDA:957,44,0,0
BRDA:957,44,1,2
BRDA:991,45,0,0
BRDA:1007,46,0,18
BRDA:1007,46,1,0
BRDA:1031,47,0,0
BRDA:1031,47,1,4
BRDA:1060,48,0,0
BRDA:1060,48,1,4
BRDA:1075,49,0,4
BRDA:1075,49,1,4
BRDA:1112,50,0,4
BRDA:1112,50,1,0
BRDA:1114,51,0,0
BRDA:1114,51,1,0
BRDA:1120,52,0,0
BRDA:1120,52,1,0
BRDA:1120,53,0,0
BRDA:1120,53,1,0
BRDA:1120,53,2,0
BRDA:1133,54,0,0
BRDA:1133,54,1,0
BRDA:1139,55,0,0
BRDA:1139,55,1,0
BRDA:1139,56,0,0
BRDA:1139,56,1,0
BRDA:1139,56,2,0
BRDA:1146,57,0,0
BRDA:1146,57,1,0
BRDA:1158,58,0,0
BRDA:1158,58,1,4
BRDA:1159,59,0,0
BRDA:1159,59,1,0
BRDA:1162,60,0,0
BRDA:1162,60,1,0
BRDA:1165,61,0,0
BRDA:1165,61,1,0
BRDA:1170,62,0,1
BRDA:1170,62,1,3
BRDA:1172,63,0,2
BRDA:1172,63,1,1
BRDA:1174,64,0,1
BRDA:1174,64,1,0
BRDA:1189,65,0,0
BRDA:1189,65,1,4
BRDA:1204,66,0,0
BRDA:1204,66,1,0
BRDA:1246,67,0,0
BRDA:1246,67,1,0
BRDA:1259,68,0,0
BRDA:1259,68,1,0
BRDA:1261,69,0,0
BRDA:1261,69,1,0
BRDA:1286,70,0,0
BRDA:1286,70,1,0
BRDA:1288,71,0,0
BRDA:1288,71,1,0
BRDA:1331,72,0,0
BRDA:1331,72,1,0
BRDA:1337,73,0,0
BRDA:1337,73,1,0
BRDA:1342,74,0,0
BRDA:1342,74,1,0
BRDA:1428,75,0,0
BRDA:1428,75,1,8
BRDA:1437,76,0,0
BRDA:1437,76,1,8
BRDA:1467,77,0,2
BRDA:1467,77,1,0
BRDA:1488,78,0,8
BRDA:1488,78,1,2
BRDA:1507,79,0,0
BRDA:1507,79,1,0
BRDA:1530,80,0,0
BRDA:1530,80,1,0
BRDA:1533,81,0,0
BRDA:1533,81,1,0
BRDA:1534,82,0,0
BRDA:1534,82,1,0
BRDA:1561,83,0,0
BRDA:1561,83,1,0
BRDA:1582,84,0,0
BRDA:1582,84,1,0
BRDA:1582,84,2,0
BRDA:1582,84,3,0
BRDA:1651,85,0,0
BRDA:1651,85,1,0
BRDA:1652,86,0,0
BRDA:1652,86,1,0
BRDA:1653,87,0,0
BRDA:1653,87,1,0
BRDA:1669,88,0,0
BRDA:1669,88,1,0
BRDA:1675,89,0,0
BRDA:1675,89,1,0
BRDA:1710,90,0,0
BRDA:1713,91,0,8
BRDA:1713,91,1,0
BRDA:1713,91,2,0
BRDA:1748,92,0,0
BRDA:1748,92,1,0
BRDA:1749,93,0,0
BRDA:1749,93,1,0
BRDA:1749,93,2,0
BRDA:1749,93,3,0
BRDA:1757,94,0,0
BRDA:1757,94,1,0
BRDA:1782,95,0,0
BRDA:1782,95,1,0
BRDA:1814,96,0,0
BRDA:1814,96,1,0
BRDA:1843,97,0,0
BRDA:1843,97,1,0
BRDA:1848,98,0,0
BRDA:1848,98,1,0
BRDA:1876,99,0,0
BRDA:1876,99,1,0
BRDA:1879,100,0,0
BRDA:1879,100,1,0
BRDA:1905,101,0,14
BRDA:1905,101,1,10
BRDA:1906,102,0,24
BRDA:1906,102,1,14
BRDA:1982,103,0,6
BRDA:1982,103,1,0
BRDA:1982,104,0,6
BRDA:1982,104,1,6
BRDA:1986,105,0,6
BRDA:1986,105,1,0
BRDA:2021,106,0,0
BRDA:2021,106,1,6
BRDA:2060,107,0,4
BRDA:2062,108,0,8
BRDA:2062,108,1,0
BRDA:2064,109,0,0
BRDA:2064,109,1,8
BRDA:2069,110,0,4
BRDA:2069,110,1,0
BRDA:2069,110,2,0
BRDA:2069,110,3,0
BRDA:2069,110,4,0
BRDA:2069,110,5,4
BRDA:2069,110,6,0
BRDA:2222,111,0,0
BRDA:2222,111,1,0
BRDA:2223,112,0,0
BRDA:2223,112,1,0
BRDA:2252,113,0,0
BRDA:2252,113,1,0
BRDA:2253,114,0,0
BRDA:2253,114,1,0
BRDA:2282,115,0,0
BRDA:2282,115,1,4
BRDA:2283,116,0,4
BRDA:2283,116,1,4
BRDA:2314,117,0,0
BRDA:2314,117,1,8
BRDA:2317,118,0,0
BRDA:2317,118,1,8
BRDA:2324,119,0,4
BRDA:2324,119,1,8
BRDA:2325,120,0,12
BRDA:2325,120,1,8
BRF:250
BRH:89
end_of_record
TN:
SF:/home/circleci/repo/src/_core/utils/MapWrapper.js
FN:11,(anonymous_0)
FN:19,(anonymous_1)
FN:24,(anonymous_2)
FN:29,(anonymous_3)
FN:33,(anonymous_4)
FN:37,(anonymous_5)
FN:43,(anonymous_6)
FN:47,(anonymous_7)
FN:51,(anonymous_8)
FN:55,(anonymous_9)
FN:59,(anonymous_10)
FN:63,(anonymous_11)
FN:67,(anonymous_12)
FN:73,(anonymous_13)
FN:78,(anonymous_14)
FN:83,(anonymous_15)
FN:88,(anonymous_16)
FN:93,(anonymous_17)
FN:98,(anonymous_18)
FN:103,(anonymous_19)
FN:108,(anonymous_20)
FN:112,(anonymous_21)
FN:117,(anonymous_22)
FN:122,(anonymous_23)
FN:127,(anonymous_24)
FN:132,(anonymous_25)
FN:137,(anonymous_26)
FN:142,(anonymous_27)
FN:147,(anonymous_28)
FN:152,(anonymous_29)
FN:157,(anonymous_30)
FN:162,(anonymous_31)
FN:167,(anonymous_32)
FN:172,(anonymous_33)
FN:179,(anonymous_34)
FN:184,(anonymous_35)
FN:188,(anonymous_36)
FN:192,(anonymous_37)
FN:196,(anonymous_38)
FN:200,(anonymous_39)
FN:204,(anonymous_40)
FN:210,(anonymous_41)
FN:214,(anonymous_42)
FNF:43
FNH:1
FNDA:56,(anonymous_0)
FNDA:0,(anonymous_1)
FNDA:0,(anonymous_2)
FNDA:0,(anonymous_3)
FNDA:0,(anonymous_4)
FNDA:0,(anonymous_5)
FNDA:0,(anonymous_6)
FNDA:0,(anonymous_7)
FNDA:0,(anonymous_8)
FNDA:0,(anonymous_9)
FNDA:0,(anonymous_10)
FNDA:0,(anonymous_11)
FNDA:0,(anonymous_12)
FNDA:0,(anonymous_13)
FNDA:0,(anonymous_14)
FNDA:0,(anonymous_15)
FNDA:0,(anonymous_16)
FNDA:0,(anonymous_17)
FNDA:0,(anonymous_18)
FNDA:0,(anonymous_19)
FNDA:0,(anonymous_20)
FNDA:0,(anonymous_21)
FNDA:0,(anonymous_22)
FNDA:0,(anonymous_23)
FNDA:0,(anonymous_24)
FNDA:0,(anonymous_25)
FNDA:0,(anonymous_26)
FNDA:0,(anonymous_27)
FNDA:0,(anonymous_28)
FNDA:0,(anonymous_29)
FNDA:0,(anonymous_30)
FNDA:0,(anonymous_31)
FNDA:0,(anonymous_32)
FNDA:0,(anonymous_33)
FNDA:0,(anonymous_34)
FNDA:0,(anonymous_35)
FNDA:0,(anonymous_36)
FNDA:0,(anonymous_37)
FNDA:0,(anonymous_38)
FNDA:0,(anonymous_39)
FNDA:0,(anonymous_40)
FNDA:0,(anonymous_41)
FNDA:0,(anonymous_42)
DA:12,56
DA:13,56
DA:14,56
DA:15,56
DA:16,56
DA:20,0
DA:21,0
DA:25,0
DA:26,0
DA:30,0
DA:31,0
DA:34,0
DA:35,0
DA:38,0
DA:41,0
DA:44,0
DA:45,0
DA:48,0
DA:49,0
DA:52,0
DA:53,0
DA:56,0
DA:57,0
DA:60,0
DA:61,0
DA:64,0
DA:65,0
DA:68,0
DA:71,0
DA:74,0
DA:75,0
DA:79,0
DA:80,0
DA:84,0
DA:85,0
DA:89,0
DA:90,0
DA:94,0
DA:95,0
DA:99,0
DA:100,0
DA:104,0
DA:105,0
DA:109,0
DA:110,0
DA:113,0
DA:114,0
DA:118,0
DA:119,0
DA:123,0
DA:124,0
DA:128,0
DA:129,0
DA:133,0
DA:134,0
DA:138,0
DA:139,0
DA:143,0
DA:144,0
DA:148,0
DA:149,0
DA:153,0
DA:154,0
DA:158,0
DA:159,0
DA:163,0
DA:164,0
DA:168,0
DA:169,0
DA:173,0
DA:176,0
DA:180,0
DA:181,0
DA:185,0
DA:186,0
DA:189,0
DA:190,0
DA:193,0
DA:194,0
DA:197,0
DA:198,0
DA:201,0
DA:202,0
DA:205,0
DA:208,0
DA:211,0
DA:212,0
DA:215,0
DA:216,0
LF:89
LH:5
BRF:0
BRH:0
end_of_record
TN:
SF:/home/circleci/repo/src/_core/utils/MapWrapperCesium.js
FN:35,(anonymous_0)
FN:82,(anonymous_1)
FN:159,(anonymous_2)
FN:170,(anonymous_3)
FN:181,(anonymous_4)
FN:202,(anonymous_5)
FN:219,(anonymous_6)
FN:238,(anonymous_7)
FN:268,(anonymous_8)
FN:313,(anonymous_9)
FN:394,(anonymous_10)
FN:421,(anonymous_11)
FN:449,(anonymous_12)
FN:472,(anonymous_13)
FN:477,(anonymous_14)
FN:479,(anonymous_15)
FN:513,(anonymous_16)
FN:515,(anonymous_17)
FN:530,(anonymous_18)
FN:549,(anonymous_19)
FN:551,(anonymous_20)
FN:566,(anonymous_21)
FN:597,(anonymous_22)
FN:620,(anonymous_23)
FN:638,(anonymous_24)
FN:661,(anonymous_25)
FN:678,(anonymous_26)
FN:700,(anonymous_27)
FN:749,(anonymous_28)
FN:781,(anonymous_29)
FN:830,(anonymous_30)
FN:838,(anonymous_31)
FN:873,(anonymous_32)
FN:915,(anonymous_33)
FN:919,(anonymous_34)
FN:926,(anonymous_35)
FN:941,(anonymous_36)
FN:945,(anonymous_37)
FN:954,(anonymous_38)
FN:971,(anonymous_39)
FN:979,(anonymous_40)
FN:987,(anonymous_41)
FN:1012,(anonymous_42)
FN:1024,(anonymous_43)
FN:1075,(anonymous_44)
FN:1079,(anonymous_45)
FN:1100,(anonymous_46)
FN:1120,(anonymous_47)
FN:1139,(anonymous_48)
FN:1158,(anonymous_49)
FN:1196,(anonymous_50)
FN:1223,(anonymous_51)
FN:1239,(anonymous_52)
FN:1264,(anonymous_53)
FN:1295,(anonymous_54)
FN:1318,(anonymous_55)
FN:1349,(anonymous_56)
FN:1367,(anonymous_57)
FN:1388,(anonymous_58)
FN:1394,(anonymous_59)
FN:1399,(anonymous_60)
FN:1429,(anonymous_61)
FN:1460,(anonymous_62)
FN:1489,(anonymous_63)
FN:1512,(anonymous_64)
FN:1540,(anonymous_65)
FN:1566,(anonymous_66)
FN:1584,(anonymous_67)
FN:1600,(anonymous_68)
FN:1625,(anonymous_69)
FN:1652,(anonymous_70)
FN:1687,(anonymous_71)
FN:1740,(anonymous_72)
FN:1791,(anonymous_73)
FN:1829,(anonymous_74)
FN:1851,(anonymous_75)
FN:1869,(anonymous_76)
FN:1892,(anonymous_77)
FN:1907,(anonymous_78)
FN:1935,(anonymous_79)
FN:1938,(anonymous_80)
FN:1973,(anonymous_81)
FN:1994,(anonymous_82)
FN:2025,(anonymous_83)
FNF:84
FNH:51
FNDA:25,(anonymous_0)
FNDA:25,(anonymous_1)
FNDA:12,(anonymous_2)
FNDA:0,(anonymous_3)
FNDA:0,(anonymous_4)
FNDA:1,(anonymous_5)
FNDA:0,(anonymous_6)
FNDA:1,(anonymous_7)
FNDA:0,(anonymous_8)
FNDA:0,(anonymous_9)
FNDA:0,(anonymous_10)
FNDA:0,(anonymous_11)
FNDA:1,(anonymous_12)
FNDA:4,(anonymous_13)
FNDA:1,(anonymous_14)
FNDA:0,(anonymous_15)
FNDA:1,(anonymous_16)
FNDA:0,(anonymous_17)
FNDA:0,(anonymous_18)
FNDA:2,(anonymous_19)
FNDA:0,(anonymous_20)
FNDA:0,(anonymous_21)
FNDA:4,(anonymous_22)
FNDA:25,(anonymous_23)
FNDA:0,(anonymous_24)
FNDA:24,(anonymous_25)
FNDA:18,(anonymous_26)
FNDA:7,(anonymous_27)
FNDA:9,(anonymous_28)
FNDA:7,(anonymous_29)
FNDA:3,(anonymous_30)
FNDA:3,(anonymous_31)
FNDA:3,(anonymous_32)
FNDA:1,(anonymous_33)
FNDA:2,(anonymous_34)
FNDA:1,(anonymous_35)
FNDA:1,(anonymous_36)
FNDA:2,(anonymous_37)
FNDA:2,(anonymous_38)
FNDA:0,(anonymous_39)
FNDA:0,(anonymous_40)
FNDA:0,(anonymous_41)
FNDA:2,(anonymous_42)
FNDA:4,(anonymous_43)
FNDA:0,(anonymous_44)
FNDA:0,(anonymous_45)
FNDA:0,(anonymous_46)
FNDA:4,(anonymous_47)
FNDA:1,(anonymous_48)
FNDA:4,(anonymous_49)
FNDA:1,(anonymous_50)
FNDA:5,(anonymous_51)
FNDA:0,(anonymous_52)
FNDA:0,(anonymous_53)
FNDA:0,(anonymous_54)
FNDA:4,(anonymous_55)
FNDA:2,(anonymous_56)
FNDA:2,(anonymous_57)
FNDA:2,(anonymous_58)
FNDA:2,(anonymous_59)
FNDA:2,(anonymous_60)
FNDA:0,(anonymous_61)
FNDA:0,(anonymous_62)
FNDA:0,(anonymous_63)
FNDA:0,(anonymous_64)
FNDA:0,(anonymous_65)
FNDA:0,(anonymous_66)
FNDA:0,(anonymous_67)
FNDA:20,(anonymous_68)
FNDA:2,(anonymous_69)
FNDA:2,(anonymous_70)
FNDA:2,(anonymous_71)
FNDA:0,(anonymous_72)
FNDA:0,(anonymous_73)
FNDA:2,(anonymous_74)
FNDA:0,(anonymous_75)
FNDA:2,(anonymous_76)
FNDA:2,(anonymous_77)
FNDA:2,(anonymous_78)
FNDA:0,(anonymous_79)
FNDA:2,(anonymous_80)
FNDA:7,(anonymous_81)
FNDA:4,(anonymous_82)
FNDA:12,(anonymous_83)
DA:36,25
DA:38,25
DA:39,25
DA:40,25
DA:41,25
DA:42,25
DA:45,25
DA:46,25
DA:47,25
DA:48,25
DA:50,25
DA:53,25
DA:55,25
DA:62,25
DA:65,25
DA:68,25
DA:83,25
DA:85,25
DA:86,0
DA:88,25
DA:117,25
DA:120,25
DA:121,25
DA:124,25
DA:125,25
DA:128,25
DA:132,25
DA:138,25
DA:140,25
DA:143,25
DA:145,25
DA:147,0
DA:148,0
DA:160,12
DA:171,0
DA:183,0
DA:186,0
DA:187,0
DA:188,0
DA:192,0
DA:203,1
DA:204,0
DA:208,1
DA:210,1
DA:220,0
DA:221,0
DA:226,0
DA:227,0
DA:239,1
DA:240,1
DA:241,0
DA:243,1
DA:245,1
DA:246,0
DA:248,1
DA:249,0
DA:251,1
DA:255,1
DA:257,0
DA:258,0
DA:269,0
DA:270,0
DA:271,0
DA:273,0
DA:274,0
DA:277,0
DA:286,0
DA:292,0
DA:293,0
DA:294,0
DA:296,0
DA:298,0
DA:300,0
DA:301,0
DA:314,0
DA:315,0
DA:316,0
DA:318,0
DA:319,0
DA:320,0
DA:321,0
DA:322,0
DA:323,0
DA:324,0
DA:328,0
DA:333,0
DA:334,0
DA:336,0
DA:338,0
DA:342,0
DA:344,0
DA:348,0
DA:350,0
DA:351,0
DA:357,0
DA:359,0
DA:361,0
DA:362,0
DA:369,0
DA:371,0
DA:373,0
DA:376,0
DA:381,0
DA:383,0
DA:384,0
DA:395,0
DA:396,0
DA:397,0
DA:401,0
DA:402,0
DA:403,0
DA:404,0
DA:408,0
DA:410,0
DA:411,0
DA:422,0
DA:423,0
DA:424,0
DA:428,0
DA:429,0
DA:430,0
DA:431,0
DA:435,0
DA:437,0
DA:438,0
DA:450,1
DA:451,1
DA:456,1
DA:458,0
DA:459,0
DA:473,4
DA:474,4
DA:475,1
DA:478,1
DA:481,0
DA:482,0
DA:493,0
DA:495,0
DA:496,0
DA:504,0
DA:509,1
DA:510,3
DA:511,1
DA:514,1
DA:517,0
DA:518,0
DA:528,0
DA:530,0
DA:531,0
DA:533,0
DA:540,0
DA:545,1
DA:546,2
DA:547,2
DA:550,2
DA:553,0
DA:554,0
DA:564,0
DA:566,0
DA:567,0
DA:569,0
DA:576,0
DA:581,2
DA:583,0
DA:585,0
DA:586,0
DA:598,4
DA:600,4
DA:603,4
DA:604,4
DA:605,4
DA:607,0
DA:609,0
DA:610,0
DA:621,25
DA:622,25
DA:623,25
DA:625,0
DA:626,0
DA:639,0
DA:641,0
DA:644,0
DA:645,0
DA:646,0
DA:648,0
DA:650,0
DA:651,0
DA:662,24
DA:663,24
DA:664,24
DA:666,0
DA:667,0
DA:679,18
DA:680,18
DA:681,18
DA:683,0
DA:701,7
DA:702,7
DA:703,2
DA:704,2
DA:706,2
DA:709,2
DA:713,2
DA:715,2
DA:716,2
DA:718,2
DA:723,0
DA:724,0
DA:726,2
DA:727,2
DA:730,2
DA:731,2
DA:737,2
DA:738,2
DA:739,2
DA:743,2
DA:744,5
DA:745,3
DA:747,3
DA:749,3
DA:750,9
DA:752,0
DA:753,0
DA:755,0
DA:759,0
DA:761,3
DA:762,3
DA:765,3
DA:773,3
DA:774,3
DA:775,3
DA:776,2
DA:777,2
DA:779,2
DA:781,2
DA:782,7
DA:784,0
DA:785,0
DA:787,0
DA:791,0
DA:793,2
DA:794,2
DA:797,2
DA:800,2
DA:805,2
DA:806,2
DA:807,2
DA:811,2
DA:813,0
DA:814,0
DA:816,0
DA:817,0
DA:831,3
DA:832,3
DA:833,3
DA:834,3
DA:835,3
DA:838,3
DA:840,3
DA:849,3
DA:850,9
DA:851,9
DA:856,3
DA:857,3
DA:859,3
DA:861,0
DA:862,0
DA:874,3
DA:875,3
DA:876,3
DA:878,3
DA:880,3
DA:882,3
DA:885,3
DA:904,3
DA:905,3
DA:906,3
DA:916,1
DA:918,1
DA:919,2
DA:921,1
DA:922,1
DA:924,1
DA:926,1
DA:930,0
DA:931,0
DA:942,1
DA:944,1
DA:945,2
DA:947,1
DA:948,0
DA:951,1
DA:952,1
DA:954,2
DA:958,0
DA:959,0
DA:972,0
DA:973,0
DA:975,0
DA:976,0
DA:978,0
DA:980,0
DA:984,0
DA:986,0
DA:988,0
DA:994,0
DA:996,0
DA:999,0
DA:1000,0
DA:1013,2
DA:1014,2
DA:1015,2
DA:1016,2
DA:1017,0
DA:1018,0
DA:1019,2
DA:1024,2
DA:1025,4
DA:1026,0
DA:1027,0
DA:1028,0
DA:1029,0
DA:1031,0
DA:1032,0
DA:1033,0
DA:1034,0
DA:1036,0
DA:1037,0
DA:1038,0
DA:1039,0
DA:1040,0
DA:1044,4
DA:1045,0
DA:1046,0
DA:1047,0
DA:1049,4
DA:1050,4
DA:1058,2
DA:1060,0
DA:1062,0
DA:1063,0
DA:1076,0
DA:1078,0
DA:1079,0
DA:1080,0
DA:1081,0
DA:1085,0
DA:1086,0
DA:1091,0
DA:1092,0
DA:1095,0
DA:1096,0
DA:1097,0
DA:1100,0
DA:1101,0
DA:1103,0
DA:1106,0
DA:1108,0
DA:1109,0
DA:1121,4
DA:1122,4
DA:1123,4
DA:1124,4
DA:1125,4
DA:1127,0
DA:1128,0
DA:1140,1
DA:1141,1
DA:1142,1
DA:1143,1
DA:1145,0
DA:1146,0
DA:1159,4
DA:1160,4
DA:1163,4
DA:1164,4
DA:1165,0
DA:1166,0
DA:1170,4
DA:1173,4
DA:1174,0
DA:1178,4
DA:1179,4
DA:1180,4
DA:1182,0
DA:1183,0
DA:1197,1
DA:1199,1
DA:1200,1
DA:1203,1
DA:1204,1
DA:1208,0
DA:1210,0
DA:1211,0
DA:1224,5
DA:1225,4
DA:1227,1
DA:1240,0
DA:1241,0
DA:1242,0
DA:1243,0
DA:1244,0
DA:1245,0
DA:1246,0
DA:1247,0
DA:1249,0
DA:1251,0
DA:1252,0
DA:1265,0
DA:1266,0
DA:1267,0
DA:1268,0
DA:1269,0
DA:1271,0
DA:1272,0
DA:1276,0
DA:1278,0
DA:1279,0
DA:1281,0
DA:1283,0
DA:1284,0
DA:1296,0
DA:1297,0
DA:1298,0
DA:1299,0
DA:1300,0
DA:1301,0
DA:1303,0
DA:1305,0
DA:1306,0
DA:1319,4
DA:1321,2
DA:1323,0
DA:1325,0
DA:1327,0
DA:1329,0
DA:1331,2
DA:1333,0
DA:1337,0
DA:1350,2
DA:1351,2
DA:1352,2
DA:1353,2
DA:1354,2
DA:1355,2
DA:1359,2
DA:1360,2
DA:1361,2
DA:1362,2
DA:1365,2
DA:1366,2
DA:1367,2
DA:1368,2
DA:1371,2
DA:1373,0
DA:1375,0
DA:1376,0
DA:1389,2
DA:1390,2
DA:1391,2
DA:1392,2
DA:1394,2
DA:1395,2
DA:1396,2
DA:1397,2
DA:1398,2
DA:1399,2
DA:1400,2
DA:1405,2
DA:1406,2
DA:1407,2
DA:1408,2
DA:1410,2
DA:1412,0
DA:1414,0
DA:1430,0
DA:1431,0
DA:1435,0
DA:1436,0
DA:1440,0
DA:1446,0
DA:1448,0
DA:1449,0
DA:1461,0
DA:1462,0
DA:1463,0
DA:1464,0
DA:1465,0
DA:1466,0
DA:1467,0
DA:1469,0
DA:1471,0
DA:1473,0
DA:1475,0
DA:1476,0
DA:1490,0
DA:1491,0
DA:1492,0
DA:1493,0
DA:1494,0
DA:1495,0
DA:1496,0
DA:1498,0
DA:1500,0
DA:1501,0
DA:1513,0
DA:1514,0
DA:1515,0
DA:1516,0
DA:1517,0
DA:1518,0
DA:1519,0
DA:1520,0
DA:1522,0
DA:1524,0
DA:1526,0
DA:1527,0
DA:1541,0
DA:1542,0
DA:1543,0
DA:1544,0
DA:1545,0
DA:1546,0
DA:1547,0
DA:1549,0
DA:1551,0
DA:1553,0
DA:1554,0
DA:1567,0
DA:1568,0
DA:1570,0
DA:1571,0
DA:1585,0
DA:1586,0
DA:1601,20
DA:1626,2
DA:1628,2
DA:1630,0
DA:1632,0
DA:1634,0
DA:1638,0
DA:1653,2
DA:1654,2
DA:1655,2
DA:1660,0
DA:1661,0
DA:1662,0
DA:1664,0
DA:1688,2
DA:1689,2
DA:1690,2
DA:1691,2
DA:1692,2
DA:1693,2
DA:1694,2
DA:1713,0
DA:1715,0
DA:1716,0
DA:1741,0
DA:1742,0
DA:1743,0
DA:1744,0
DA:1745,0
DA:1746,0
DA:1747,0
DA:1764,0
DA:1766,0
DA:1767,0
DA:1792,0
DA:1793,0
DA:1794,0
DA:1795,0
DA:1796,0
DA:1797,0
DA:1798,0
DA:1813,0
DA:1815,0
DA:1816,0
DA:1830,2
DA:1832,0
DA:1834,0
DA:1836,2
DA:1838,0
DA:1852,0
DA:1870,2
DA:1893,2
DA:1894,2
DA:1897,2
DA:1902,2
DA:1903,0
DA:1906,2
DA:1907,2
DA:1909,2
DA:1910,2
DA:1911,2
DA:1914,2
DA:1923,2
DA:1924,0
DA:1934,2
DA:1935,2
DA:1936,0
DA:1938,2
DA:1939,2
DA:1942,2
DA:1943,2
DA:1945,2
DA:1948,2
DA:1952,2
DA:1953,2
DA:1954,2
DA:1955,2
DA:1956,2
DA:1958,2
DA:1960,0
DA:1974,7
DA:1975,7
DA:1976,3
DA:1977,3
DA:1978,3
DA:1981,4
DA:1995,4
DA:1997,4
DA:1999,0
DA:2000,4
DA:2002,0
DA:2005,4
DA:2006,0
DA:2007,0
DA:2011,0
DA:2015,4
DA:2026,12
DA:2028,6
DA:2030,0
DA:2032,0
DA:2034,0
DA:2036,0
DA:2038,6
DA:2040,0
LF:638
LH:276
BRDA:50,0,0,25
BRDA:50,0,1,0
BRDA:53,1,0,25
BRDA:53,1,1,0
BRDA:85,2,0,0
BRDA:85,2,1,25
BRDA:186,3,0,0
BRDA:186,3,1,0
BRDA:203,4,0,0
BRDA:203,4,1,1
BRDA:240,5,0,0
BRDA:240,5,1,1
BRDA:245,6,0,0
BRDA:245,6,1,1
BRDA:248,7,0,0
BRDA:248,7,1,1
BRDA:273,8,0,0
BRDA:273,8,1,0
BRDA:286,9,0,0
BRDA:286,9,1,0
BRDA:287,10,0,0
BRDA:287,10,1,0
BRDA:287,10,2,0
BRDA:287,10,3,0
BRDA:293,11,0,0
BRDA:293,11,1,0
BRDA:315,12,0,0
BRDA:315,12,1,0
BRDA:318,13,0,0
BRDA:318,13,1,0
BRDA:319,14,0,0
BRDA:319,14,1,0
BRDA:323,15,0,0
BRDA:323,15,1,0
BRDA:336,16,0,0
BRDA:336,16,1,0
BRDA:336,16,2,0
BRDA:336,16,3,0
BRDA:336,16,4,0
BRDA:350,17,0,0
BRDA:350,17,1,0
BRDA:361,18,0,0
BRDA:361,18,1,0
BRDA:454,19,0,1
BRDA:454,19,1,0
BRDA:474,20,0,1
BRDA:474,20,1,3
BRDA:493,21,0,0
BRDA:493,21,1,0
BRDA:510,22,0,1
BRDA:510,22,1,2
BRDA:528,23,0,0
BRDA:528,23,1,0
BRDA:546,24,0,2
BRDA:546,24,1,0
BRDA:564,25,0,0
BRDA:564,25,1,0
BRDA:603,26,0,4
BRDA:603,26,1,0
BRDA:644,27,0,0
BRDA:644,27,1,0
BRDA:679,28,0,18
BRDA:679,28,1,0
BRDA:700,29,0,0
BRDA:702,30,0,2
BRDA:702,30,1,5
BRDA:706,31,0,2
BRDA:706,31,1,0
BRDA:744,32,0,3
BRDA:744,32,1,2
BRDA:747,33,0,3
BRDA:747,33,1,0
BRDA:752,34,0,0
BRDA:752,34,1,0
BRDA:776,35,0,2
BRDA:776,35,1,0
BRDA:779,36,0,2
BRDA:779,36,1,0
BRDA:784,37,0,0
BRDA:784,37,1,0
BRDA:830,38,0,0
BRDA:850,39,0,9
BRDA:850,39,1,0
BRDA:973,40,0,0
BRDA:973,40,1,0
BRDA:973,40,2,0
BRDA:973,40,3,0
BRDA:1016,41,0,0
BRDA:1016,41,1,2
BRDA:1016,42,0,2
BRDA:1016,42,1,2
BRDA:1019,43,0,2
BRDA:1019,43,1,0
BRDA:1020,44,0,2
BRDA:1020,44,1,2
BRDA:1020,44,2,2
BRDA:1025,45,0,0
BRDA:1025,45,1,4
BRDA:1026,46,0,0
BRDA:1026,46,1,0
BRDA:1031,47,0,0
BRDA:1031,47,1,0
BRDA:1036,48,0,0
BRDA:1036,48,1,0
BRDA:1037,49,0,0
BRDA:1037,49,1,0
BRDA:1044,50,0,0
BRDA:1044,50,1,4
BRDA:1049,51,0,4
BRDA:1049,51,1,0
BRDA:1080,52,0,0
BRDA:1080,52,1,0
BRDA:1085,53,0,0
BRDA:1085,53,1,0
BRDA:1164,54,0,0
BRDA:1164,54,1,4
BRDA:1173,55,0,0
BRDA:1173,55,1,4
BRDA:1203,56,0,1
BRDA:1203,56,1,0
BRDA:1223,57,0,0
BRDA:1224,58,0,4
BRDA:1224,58,1,1
BRDA:1243,59,0,0
BRDA:1243,59,1,0
BRDA:1269,60,0,0
BRDA:1269,60,1,0
BRDA:1272,61,0,0
BRDA:1272,61,1,0
BRDA:1273,62,0,0
BRDA:1273,62,1,0
BRDA:1299,63,0,0
BRDA:1299,63,1,0
BRDA:1319,64,0,2
BRDA:1319,64,1,0
BRDA:1319,64,2,0
BRDA:1319,64,3,0
BRDA:1319,64,4,0
BRDA:1319,64,5,2
BRDA:1319,64,6,0
BRDA:1354,65,0,2
BRDA:1354,65,1,0
BRDA:1392,66,0,2
BRDA:1392,66,1,0
BRDA:1435,67,0,0
BRDA:1435,67,1,0
BRDA:1464,68,0,0
BRDA:1464,68,1,0
BRDA:1493,69,0,0
BRDA:1493,69,1,0
BRDA:1516,70,0,0
BRDA:1516,70,1,0
BRDA:1519,71,0,0
BRDA:1519,71,1,0
BRDA:1544,72,0,0
BRDA:1544,72,1,0
BRDA:1546,73,0,0
BRDA:1546,73,1,0
BRDA:1626,74,0,2
BRDA:1626,74,1,0
BRDA:1626,74,2,0
BRDA:1626,74,3,0
BRDA:1653,75,0,2
BRDA:1653,75,1,0
BRDA:1654,76,0,2
BRDA:1654,76,1,0
BRDA:1661,77,0,0
BRDA:1661,77,1,0
BRDA:1689,78,0,2
BRDA:1689,78,1,0
BRDA:1742,79,0,0
BRDA:1742,79,1,0
BRDA:1793,80,0,0
BRDA:1793,80,1,0
BRDA:1830,81,0,0
BRDA:1830,81,1,0
BRDA:1830,81,2,2
BRDA:1830,81,3,0
BRDA:1902,82,0,0
BRDA:1902,82,1,2
BRDA:1902,83,0,2
BRDA:1902,83,1,0
BRDA:1906,84,0,2
BRDA:1906,84,1,0
BRDA:1923,85,0,0
BRDA:1923,85,1,2
BRDA:1942,86,0,2
BRDA:1942,86,1,0
BRDA:1952,87,0,2
BRDA:1952,87,1,0
BRDA:1977,88,0,3
BRDA:1977,88,1,0
BRDA:1997,89,0,0
BRDA:1997,89,1,4
BRDA:2000,90,0,0
BRDA:2000,90,1,4
BRDA:2007,91,0,0
BRDA:2007,91,1,0
BRDA:2008,92,0,0
BRDA:2008,92,1,0
BRDA:2026,93,0,6
BRDA:2026,93,1,0
BRDA:2026,93,2,0
BRDA:2026,93,3,0
BRDA:2026,93,4,0
BRDA:2026,93,5,6
BRDA:2026,93,6,0
BRF:207
BRH:59
end_of_record
TN:
SF:/home/circleci/repo/src/_core/utils/CesiumTilingScheme_GIBS.js
FN:19,(anonymous_0)
FN:47,(anonymous_1)
FN:51,(anonymous_2)
FN:55,(anonymous_3)
FN:78,(anonymous_4)
FNF:5
FNH:4
FNDA:2,(anonymous_0)
FNDA:2,(anonymous_1)
FNDA:0,(anonymous_2)
FNDA:16,(anonymous_3)
FNDA:8,(anonymous_4)
DA:20,2
DA:22,2
DA:23,2
DA:24,2
DA:25,2
DA:28,2
DA:44,2
DA:48,2
DA:52,0
DA:56,16
DA:57,16
DA:58,16
DA:60,16
DA:61,16
DA:62,16
DA:64,16
DA:65,16
DA:66,16
DA:68,16
DA:69,16
DA:71,16
DA:72,16
DA:73,16
DA:74,16
DA:75,16
DA:79,8
DA:82,0
DA:85,8
DA:86,8
DA:87,8
DA:89,8
DA:90,8
DA:92,8
DA:93,8
DA:94,0
DA:97,8
DA:98,8
DA:99,0
DA:102,8
DA:103,8
DA:104,8
DA:105,0
DA:108,8
DA:109,8
DA:111,8
DA:112,8
DA:113,8
LF:47
LH:42
BRDA:19,0,0,0
BRDA:68,1,0,16
BRDA:68,1,1,0
BRDA:79,2,0,0
BRDA:79,2,1,8
BRDA:93,3,0,0
BRDA:93,3,1,8
BRDA:98,4,0,0
BRDA:98,4,1,8
BRDA:104,5,0,0
BRDA:104,5,1,8
BRDA:108,6,0,8
BRDA:108,6,1,0
BRF:13
BRH:6
end_of_record
TN:
SF:/home/circleci/repo/src/_core/reducers/settings.js
FN:12,settings
FNF:1
FNH:1
FNDA:319,settings
DA:13,319
DA:15,4
DA:18,1
DA:21,314
LF:4
LH:4
BRDA:12,0,0,2
BRDA:12,1,0,319
BRDA:13,2,0,4
BRDA:13,2,1,1
BRDA:13,2,2,314
BRF:5
BRH:5
end_of_record
TN:
SF:/home/circleci/repo/src/_core/reducers/models/settings.js
FNF:0
FNH:0
DA:10,1
LF:1
LH:1
BRF:0
BRH:0
end_of_record
TN:
SF:/home/circleci/repo/src/_core/reducers/reducerFunctions/SettingsReducer.js
FN:13,(anonymous_0)
FN:17,(anonymous_1)
FNF:2
FNH:2
FNDA:5,(anonymous_0)
FNDA:1,(anonymous_1)
DA:14,5
DA:18,1
LF:2
LH:2
BRF:0
BRH:0
end_of_record
TN:
SF:/home/circleci/repo/src/_core/reducers/help.js
FN:12,help
FNF:1
FNH:1
FNDA:319,help
DA:13,319
DA:15,10
DA:18,4
DA:21,305
LF:4
LH:4
BRDA:12,0,0,2
BRDA:12,1,0,319
BRDA:13,2,0,10
BRDA:13,2,1,4
BRDA:13,2,2,305
BRF:5
BRH:5
end_of_record
TN:
SF:/home/circleci/repo/src/_core/reducers/models/help.js
FNF:0
FNH:0
DA:10,1
LF:1
LH:1
BRF:0
BRH:0
end_of_record
TN:
SF:/home/circleci/repo/src/_core/reducers/reducerFunctions/HelpReducer.js
FN:13,(anonymous_0)
FN:20,(anonymous_1)
FNF:2
FNH:2
FNDA:10,(anonymous_0)
FNDA:4,(anonymous_1)
DA:14,10
DA:15,6
DA:17,10
DA:21,4
LF:4
LH:4
BRDA:14,0,0,6
BRDA:14,0,1,4
BRF:2
BRH:2
end_of_record
TN:
SF:/home/circleci/repo/src/_core/reducers/layerInfo.js
FN:12,layerInfo
FNF:1
FNH:1
FNDA:319,layerInfo
DA:13,319
DA:15,2
DA:18,1
DA:21,0
DA:24,316
LF:5
LH:4
BRDA:12,0,0,2
BRDA:12,1,0,319
BRDA:13,2,0,2
BRDA:13,2,1,1
BRDA:13,2,2,0
BRDA:13,2,3,316
BRF:6
BRH:5
end_of_record
TN:
SF:/home/circleci/repo/src/_core/reducers/models/layerInfo.js
FNF:0
FNH:0
DA:10,1
LF:1
LH:1
BRF:0
BRH:0
end_of_record
TN:
SF:/home/circleci/repo/src/_core/reducers/reducerFunctions/LayerInfoReducer.js
FN:13,(anonymous_0)
FN:21,(anonymous_1)
FN:25,(anonymous_2)
FNF:3
FNH:2
FNDA:2,(anonymous_0)
FNDA:1,(anonymous_1)
FNDA:0,(anonymous_2)
DA:14,2
DA:22,1
DA:26,0
DA:27,0
DA:29,0
LF:5
LH:2
BRDA:26,0,0,0
BRDA:26,0,1,0
BRF:2
BRH:0
end_of_record
TN:
SF:/home/circleci/repo/src/_core/reducers/share.js
FN:12,share
FNF:1
FNH:1
FNDA:319,share
DA:13,319
DA:15,4
DA:18,0
DA:21,3
DA:24,312
LF:5
LH:4
BRDA:12,0,0,2
BRDA:12,1,0,319
BRDA:13,2,0,4
BRDA:13,2,1,0
BRDA:13,2,2,3
BRDA:13,2,3,312
BRF:6
BRH:5
end_of_record
TN:
SF:/home/circleci/repo/src/_core/reducers/models/share.js
FNF:0
FNH:0
DA:12,1
DA:14,1
DA:18,1
LF:3
LH:3
BRDA:14,0,0,0
BRDA:14,0,1,1
BRF:2
BRH:1
end_of_record
TN:
SF:/home/circleci/repo/src/_core/reducers/reducerFunctions/ShareReducer.js
FN:13,(anonymous_0)
FN:17,(anonymous_1)
FN:21,(anonymous_2)
FNF:3
FNH:2
FNDA:4,(anonymous_0)
FNDA:0,(anonymous_1)
FNDA:3,(anonymous_2)
DA:14,4
DA:18,0
DA:22,3
DA:23,3
LF:4
LH:3
BRF:0
BRH:0
end_of_record
TN:
SF:/home/circleci/repo/src/_core/reducers/dateSlider.js
FN:16,dateSlider
FNF:1
FNH:1
FNDA:319,dateSlider
DA:17,319
DA:19,2
DA:22,1
DA:25,0
DA:28,0
DA:31,1
DA:34,0
DA:37,0
DA:40,1
DA:43,314
LF:10
LH:6
BRDA:13,0,0,2
BRDA:15,1,0,319
BRDA:17,2,0,2
BRDA:17,2,1,1
BRDA:17,2,2,0
BRDA:17,2,3,0
BRDA:17,2,4,1
BRDA:17,2,5,0
BRDA:17,2,6,0
BRDA:17,2,7,1
BRDA:17,2,8,314
BRF:11
BRH:7
end_of_record
TN:
SF:/home/circleci/repo/src/_core/reducers/models/dateSlider.js
FNF:0
FNH:0
DA:11,1
LF:1
LH:1
BRF:0
BRH:0
end_of_record
TN:
SF:/home/circleci/repo/src/_core/reducers/reducerFunctions/DateSliderReducer.js
FN:18,(anonymous_0)
FN:22,(anonymous_1)
FN:26,(anonymous_2)
FN:33,(anonymous_3)
FN:37,(anonymous_4)
FN:42,(anonymous_5)
FN:70,(anonymous_6)
FN:74,(anonymous_7)
FN:80,(anonymous_8)
FN:84,(anonymous_9)
FNF:10
FNH:4
FNDA:2,(anonymous_0)
FNDA:2,(anonymous_1)
FNDA:0,(anonymous_2)
FNDA:0,(anonymous_3)
FNDA:2,(anonymous_4)
FNDA:0,(anonymous_5)
FNDA:0,(anonymous_6)
FNDA:0,(anonymous_7)
FNDA:0,(anonymous_8)
FNDA:1,(anonymous_9)
DA:19,2
DA:23,2
DA:27,0
DA:34,0
DA:38,2
DA:39,2
DA:40,2
DA:41,0
DA:42,0
DA:43,0
DA:44,0
DA:46,0
DA:50,2
DA:55,2
DA:57,0
DA:67,2
DA:71,0
DA:72,0
DA:75,0
DA:81,0
DA:85,1
DA:86,1
DA:89,1
LF:23
LH:11
BRDA:40,0,0,0
BRDA:40,0,1,2
BRDA:43,1,0,0
BRDA:43,1,1,0
BRDA:50,2,0,2
BRDA:50,2,1,0
BRF:6
BRH:2
end_of_record
TN:
SF:/home/circleci/repo/src/_core/reducers/async.js
FN:12,asynchronous
FNF:1
FNH:1
FNDA:319,asynchronous
DA:13,319
DA:15,9
DA:17,0
DA:19,0
DA:21,310
LF:5
LH:3
BRDA:12,0,0,2
BRDA:12,1,0,319
BRDA:13,2,0,9
BRDA:13,2,1,0
BRDA:13,2,2,0
BRDA:13,2,3,310
BRF:6
BRH:4
end_of_record
TN:
SF:/home/circleci/repo/src/_core/reducers/models/async.js
FNF:0
FNH:0
DA:10,1
DA:15,1
LF:2
LH:2
BRF:0
BRH:0
end_of_record
TN:
SF:/home/circleci/repo/src/_core/reducers/reducerFunctions/AsyncReducer.js
FN:17,(anonymous_0)
FN:40,(anonymous_1)
FN:44,(anonymous_2)
FN:50,(anonymous_3)
FNF:4
FNH:1
FNDA:9,(anonymous_0)
FNDA:0,(anonymous_1)
FNDA:0,(anonymous_2)
FNDA:0,(anonymous_3)
DA:18,9
DA:19,1
DA:20,1
DA:31,1
DA:34,8
DA:41,0
DA:42,0
DA:45,0
DA:51,0
LF:9
LH:5
BRDA:18,0,0,1
BRDA:18,0,1,8
BRF:2
BRH:2
end_of_record
TN:
SF:/home/circleci/repo/src/_core/reducers/analytics.js
FN:12,analytics
FNF:1
FNH:1
FNDA:319,analytics
DA:13,319
DA:15,3
DA:17,0
DA:19,316
LF:4
LH:3
BRDA:12,0,0,2
BRDA:12,1,0,319
BRDA:13,2,0,3
BRDA:13,2,1,0
BRDA:13,2,2,316
BRF:5
BRH:4
end_of_record
TN:
SF:/home/circleci/repo/src/_core/reducers/models/analytics.js
FNF:0
FNH:0
DA:12,1
DA:14,1
DA:19,1
LF:3
LH:3
BRDA:14,0,0,0
BRDA:14,0,1,1
BRF:2
BRH:1
end_of_record
TN:
SF:/home/circleci/repo/src/_core/reducers/reducerFunctions/AnalyticsReducer.js
FN:48,(anonymous_0)
FN:86,(anonymous_1)
FN:104,(anonymous_2)
FN:107,(anonymous_3)
FN:118,(anonymous_4)
FNF:5
FNH:2
FNDA:316,(anonymous_0)
FNDA:0,(anonymous_1)
FNDA:0,(anonymous_2)
FNDA:0,(anonymous_3)
FNDA:3,(anonymous_4)
DA:17,1
DA:18,1
DA:50,316
DA:55,316
DA:59,0
DA:60,0
DA:61,0
DA:62,0
DA:63,0
DA:69,0
DA:75,0
DA:80,0
DA:81,0
DA:83,0
DA:87,0
DA:89,0
DA:91,0
DA:105,0
DA:108,0
DA:113,0
DA:115,0
DA:119,3
DA:120,3
LF:23
LH:6
BRDA:50,0,0,316
BRDA:50,0,1,0
BRDA:51,1,0,316
BRDA:51,1,1,0
BRDA:51,1,2,0
BRDA:51,1,3,0
BRDA:51,1,4,0
BRDA:60,2,0,0
BRDA:60,2,1,0
BRDA:62,3,0,0
BRDA:62,3,1,0
BRDA:80,4,0,0
BRDA:80,4,1,0
BRDA:87,5,0,0
BRDA:87,5,1,0
BRF:15
BRH:2
end_of_record
TN:
SF:/home/circleci/repo/src/_core/reducers/alerts.js
FN:12,alerts
FNF:1
FNH:1
FNDA:319,alerts
DA:13,319
DA:15,0
DA:18,0
DA:21,0
DA:24,319
LF:5
LH:2
BRDA:12,0,0,79
BRDA:12,1,0,319
BRDA:13,2,0,0
BRDA:13,2,1,0
BRDA:13,2,2,0
BRDA:13,2,3,319
BRF:6
BRH:3
end_of_record
TN:
SF:/home/circleci/repo/src/_core/reducers/reducerFunctions/AlertsReducer.js
FN:15,(anonymous_0)
FN:19,(anonymous_1)
FN:23,(anonymous_2)
FN:29,(anonymous_3)
FNF:4
FNH:0
FNDA:0,(anonymous_0)
FNDA:0,(anonymous_1)
FNDA:0,(anonymous_2)
FNDA:0,(anonymous_3)
DA:16,0
DA:20,0
DA:21,0
DA:24,0
DA:30,0
LF:5
LH:0
BRF:0
BRH:0
end_of_record
TN:
SF:/home/circleci/repo/src/_core/reducers/webWorker.js
FN:11,webWorker
FNF:1
FNH:1
FNDA:319,webWorker
DA:12,319
DA:14,319
LF:2
LH:2
BRDA:11,0,0,2
BRDA:11,1,0,319
BRDA:12,2,0,319
BRF:3
BRH:3
end_of_record
TN:
SF:/home/circleci/repo/src/_core/reducers/models/webWorker.js
FNF:0
FNH:0
DA:12,1
LF:1
LH:1
BRF:0
BRH:0
end_of_record
TN:
SF:/home/circleci/repo/src/_core/utils/WorkerManager.js
FN:27,(anonymous_0)
FN:44,(anonymous_1)
FN:50,(anonymous_2)
FN:86,(anonymous_3)
FN:87,(anonymous_4)
FN:104,(anonymous_5)
FN:105,(anonymous_6)
FN:118,(anonymous_7)
FN:129,(anonymous_8)
FN:160,(anonymous_9)
FN:172,(anonymous_10)
FN:182,(anonymous_11)
FN:183,(anonymous_12)
FN:194,(anonymous_13)
FN:196,(anonymous_14)
FN:208,(anonymous_15)
FN:218,(anonymous_16)
FN:219,(anonymous_17)
FNF:18
FNH:18
FNDA:1,(anonymous_0)
FNDA:3,(anonymous_1)
FNDA:200,(anonymous_2)
FNDA:2,(anonymous_3)
FNDA:4,(anonymous_4)
FNDA:200,(anonymous_5)
FNDA:200,(anonymous_6)
FNDA:400,(anonymous_7)
FNDA:200,(anonymous_8)
FNDA:200,(anonymous_9)
FNDA:4,(anonymous_10)
FNDA:200,(anonymous_11)
FNDA:300,(anonymous_12)
FNDA:400,(anonymous_13)
FNDA:698,(anonymous_14)
FNDA:6,(anonymous_15)
FNDA:6,(anonymous_16)
FNDA:6,(anonymous_17)
DA:28,1
DA:29,1
DA:30,1
DA:31,1
DA:34,1
DA:45,3
DA:46,3
DA:47,4
DA:48,4
DA:50,4
DA:51,200
DA:52,200
DA:53,200
DA:54,200
DA:55,200
DA:56,200
DA:57,200
DA:58,200
DA:59,200
DA:60,0
DA:61,0
DA:62,0
DA:63,0
DA:64,0
DA:68,4
DA:76,4
DA:78,3
DA:87,2
DA:88,4
DA:92,2
DA:105,200
DA:107,200
DA:108,200
DA:119,400
DA:120,200
DA:130,200
DA:132,200
DA:133,200
DA:134,200
DA:135,200
DA:136,200
DA:137,200
DA:138,200
DA:139,200
DA:140,200
DA:141,200
DA:143,200
DA:144,200
DA:145,600
DA:146,600
DA:150,200
DA:151,200
DA:161,200
DA:162,200
DA:163,200
DA:173,4
DA:183,200
DA:184,300
DA:195,400
DA:197,698
DA:209,6
DA:219,6
DA:220,6
LF:63
LH:58
BRDA:27,0,0,0
BRDA:44,1,0,0
BRDA:55,2,0,200
BRDA:55,2,1,0
BRDA:60,3,0,0
BRDA:60,3,1,0
BRDA:119,4,0,200
BRDA:119,4,1,200
BRDA:119,5,0,400
BRDA:119,5,1,202
BRDA:145,6,0,600
BRDA:145,6,1,0
BRDA:145,7,0,600
BRDA:145,7,1,600
BRF:14
BRH:8
end_of_record
TN:
SF:/home/circleci/repo/src/_core/reducers/reducerFunctions/WebWorkerReducer.js
FNF:0
FNH:0
LF:0
LH:0
BRF:0
BRH:0
end_of_record
TN:
SF:/home/circleci/repo/src/_core/actions/asyncActions.js
FN:10,setAsyncLoadingState
FNF:1
FNH:1
FNDA:9,setAsyncLoadingState
DA:11,9
LF:1
LH:1
BRF:0
BRH:0
end_of_record
TN:
SF:/home/circleci/repo/src/_core/actions/dateSliderActions.js
FN:11,beginDragging
FN:15,endDragging
FN:19,hoverDate
FN:23,timelineMouseOut
FN:27,setDateResolution
FN:31,dragEnd
FN:32,(anonymous_6)
FN:33,(anonymous_7)
FNF:8
FNH:3
FNDA:2,beginDragging
FNDA:1,endDragging
FNDA:0,hoverDate
FNDA:0,timelineMouseOut
FNDA:1,setDateResolution
FNDA:0,dragEnd
FNDA:0,(anonymous_6)
FNDA:0,(anonymous_7)
DA:12,2
DA:16,1
DA:20,0
DA:24,0
DA:28,1
DA:32,0
DA:33,0
DA:34,0
LF:8
LH:3
BRF:0
BRH:0
end_of_record
TN:
SF:/home/circleci/repo/src/_core/actions/mapActions.js
FN:15,initializeMap
FN:19,setMapViewMode
FN:23,resetOrientation
FN:27,setMapView
FN:31,panMap
FN:35,setTerrainEnabled
FN:39,setTerrainExaggeration
FN:43,setScaleUnits
FN:47,zoomIn
FN:51,zoomOut
FN:55,setBasemap
FN:59,hideBasemap
FN:63,setDate
FN:67,pixelHover
FN:71,invalidatePixelHover
FN:75,pixelClick
FN:79,enableMeasuring
FN:83,disableMeasuring
FN:87,enableDrawing
FN:91,disableDrawing
FN:95,addGeometryToMap
FN:99,addMeasurementLabelToGeometry
FN:103,removeAllDrawings
FN:107,removeAllMeasurements
FN:111,setLayerMenuOpen
FN:115,setLayerActive
FN:119,setLayerDisabled
FN:123,setLayerOpacity
FN:127,changeLayerPalette
FN:131,moveLayerToTop
FN:135,moveLayerToBottom
FN:139,moveLayerUp
FN:143,moveLayerDown
FN:147,activateDefaultLayers
FN:151,openLayerInfo
FN:155,closeLayerInfo
FN:159,setCurrentMetadata
FN:163,loadLayerMetadata
FN:164,(anonymous_38)
FN:175,(anonymous_39)
FN:181,(anonymous_40)
FN:218,loadInitialData
FN:219,(anonymous_42)
FN:224,(anonymous_43)
FN:231,(anonymous_44)
FN:250,loadPaletteData
FN:251,(anonymous_46)
FN:259,(anonymous_47)
FN:263,(anonymous_48)
FN:271,loadLayerData
FN:272,(anonymous_50)
FN:276,(anonymous_51)
FN:280,(anonymous_52)
FN:284,(anonymous_53)
FN:293,loadSingleLayerSource
FN:294,(anonymous_55)
FN:300,(anonymous_56)
FN:303,(anonymous_57)
FN:312,setInitialDataLoadingAsync
FN:319,setPaletteDataLoadingAsync
FN:326,setLayerDataLoadingAsync
FN:333,setLayerMetadataLoadingAsync
FN:340,ingestLayerConfig
FN:344,mergeLayers
FN:348,ingestLayerPalettes
FNF:65
FNH:38
FNDA:57,initializeMap
FNDA:26,setMapViewMode
FNDA:2,resetOrientation
FNDA:20,setMapView
FNDA:0,panMap
FNDA:4,setTerrainEnabled
FNDA:2,setTerrainExaggeration
FNDA:2,setScaleUnits
FNDA:9,zoomIn
FNDA:5,zoomOut
FNDA:0,setBasemap
FNDA:0,hideBasemap
FNDA:1,setDate
FNDA:0,pixelHover
FNDA:0,invalidatePixelHover
FNDA:0,pixelClick
FNDA:0,enableMeasuring
FNDA:0,disableMeasuring
FNDA:8,enableDrawing
FNDA:2,disableDrawing
FNDA:20,addGeometryToMap
FNDA:6,addMeasurementLabelToGeometry
FNDA:3,removeAllDrawings
FNDA:3,removeAllMeasurements
FNDA:4,setLayerMenuOpen
FNDA:12,setLayerActive
FNDA:0,setLayerDisabled
FNDA:0,setLayerOpacity
FNDA:0,changeLayerPalette
FNDA:0,moveLayerToTop
FNDA:0,moveLayerToBottom
FNDA:0,moveLayerUp
FNDA:0,moveLayerDown
FNDA:0,activateDefaultLayers
FNDA:2,openLayerInfo
FNDA:1,closeLayerInfo
FNDA:0,setCurrentMetadata
FNDA:0,loadLayerMetadata
FNDA:0,(anonymous_38)
FNDA:0,(anonymous_39)
FNDA:0,(anonymous_40)
FNDA:1,loadInitialData
FNDA:1,(anonymous_42)
FNDA:1,(anonymous_43)
FNDA:0,(anonymous_44)
FNDA:1,loadPaletteData
FNDA:1,(anonymous_46)
FNDA:1,(anonymous_47)
FNDA:0,(anonymous_48)
FNDA:1,loadLayerData
FNDA:1,(anonymous_50)
FNDA:2,(anonymous_51)
FNDA:1,(anonymous_52)
FNDA:0,(anonymous_53)
FNDA:2,loadSingleLayerSource
FNDA:2,(anonymous_55)
FNDA:2,(anonymous_56)
FNDA:0,(anonymous_57)
FNDA:2,setInitialDataLoadingAsync
FNDA:2,setPaletteDataLoadingAsync
FNDA:2,setLayerDataLoadingAsync
FNDA:0,setLayerMetadataLoadingAsync
FNDA:2,ingestLayerConfig
FNDA:0,mergeLayers
FNDA:1,ingestLayerPalettes
DA:16,57
DA:20,26
DA:24,2
DA:28,20
DA:32,0
DA:36,4
DA:40,2
DA:44,2
DA:48,9
DA:52,5
DA:56,0
DA:60,0
DA:64,1
DA:68,0
DA:72,0
DA:76,0
DA:80,0
DA:84,0
DA:88,8
DA:92,2
DA:96,20
DA:100,6
DA:104,3
DA:108,3
DA:112,4
DA:116,12
DA:120,0
DA:124,0
DA:128,0
DA:132,0
DA:136,0
DA:140,0
DA:144,0
DA:148,0
DA:152,2
DA:156,1
DA:160,0
DA:164,0
DA:166,0
DA:168,0
DA:169,0
DA:171,0
DA:177,0
DA:179,0
DA:182,0
DA:184,0
DA:187,0
DA:201,0
DA:204,0
DA:219,1
DA:221,1
DA:223,1
DA:226,1
DA:227,1
DA:228,1
DA:232,0
DA:233,0
DA:241,0
DA:242,0
DA:243,0
DA:251,1
DA:252,1
DA:254,1
DA:260,1
DA:261,1
DA:264,0
DA:265,0
DA:272,1
DA:273,1
DA:275,1
DA:277,2
DA:281,1
DA:282,1
DA:285,0
DA:286,0
DA:287,0
DA:294,2
DA:295,2
DA:301,2
DA:304,0
DA:305,0
DA:313,2
DA:320,2
DA:327,2
DA:334,0
DA:341,2
DA:345,0
DA:349,1
LF:88
LH:45
BRDA:27,0,0,0
BRDA:95,1,0,20
BRDA:169,2,0,0
BRDA:169,2,1,0
BRDA:169,3,0,0
BRDA:169,3,1,0
BRDA:218,4,0,0
BRDA:227,5,0,1
BRDA:227,5,1,0
BRDA:242,6,0,0
BRDA:242,6,1,0
BRF:11
BRH:2
end_of_record
TN:
SF:/home/circleci/repo/src/_core/actions/alertActions.js
FN:10,addAlert
FNF:1
FNH:0
FNDA:0,addAlert
DA:11,0
LF:1
LH:0
BRF:0
BRH:0
end_of_record
TN:
SF:/home/circleci/repo/src/_core/actions/appActions.js
FN:15,checkBrowserFunctionalities
FN:18,completeInitialLoad
FN:21,resetApplicationState
FN:24,openLayerInfo
FN:27,closeLayerInfo
FN:30,setHelpOpen
FN:33,setShareOpen
FN:36,toggleShareUpdateFlag
FN:39,selectHelpPage
FN:42,dismissAlert
FN:45,dismissAllAlerts
FN:48,setFullScreenMode
FN:51,setDistractionFreeMode
FN:54,hideMapControls
FN:57,setMapControlsToolsOpen
FN:60,setMapControlsBasemapPickerOpen
FN:63,setSettingsOpen
FN:66,setAutoUpdateUrl
FN:69,runUrlConfig
FN:73,(anonymous_19)
FN:75,(anonymous_20)
FN:78,(anonymous_21)
FN:92,translateUrlParamToActionDispatch
FN:120,setLayersActive
FN:121,(anonymous_24)
FN:122,(anonymous_25)
FN:137,setViewMode
FN:138,(anonymous_27)
FN:139,(anonymous_28)
FN:145,setBasemap
FN:146,(anonymous_30)
FN:147,(anonymous_31)
FN:153,setExtent
FN:154,(anonymous_33)
FN:155,(anonymous_34)
FN:161,setTerrainEnabled
FN:162,(anonymous_36)
FN:163,(anonymous_37)
FN:169,setDate
FN:170,(anonymous_39)
FN:171,(anonymous_40)
FN:177,setTimelineRes
FN:178,(anonymous_42)
FN:179,(anonymous_43)
FNF:44
FNH:8
FNDA:0,checkBrowserFunctionalities
FNDA:1,completeInitialLoad
FNDA:1,resetApplicationState
FNDA:0,openLayerInfo
FNDA:0,closeLayerInfo
FNDA:10,setHelpOpen
FNDA:4,setShareOpen
FNDA:0,toggleShareUpdateFlag
FNDA:4,selectHelpPage
FNDA:0,dismissAlert
FNDA:0,dismissAllAlerts
FNDA:3,setFullScreenMode
FNDA:0,setDistractionFreeMode
FNDA:0,hideMapControls
FNDA:0,setMapControlsToolsOpen
FNDA:0,setMapControlsBasemapPickerOpen
FNDA:4,setSettingsOpen
FNDA:3,setAutoUpdateUrl
FNDA:0,runUrlConfig
FNDA:0,(anonymous_19)
FNDA:0,(anonymous_20)
FNDA:0,(anonymous_21)
FNDA:0,translateUrlParamToActionDispatch
FNDA:0,setLayersActive
FNDA:0,(anonymous_24)
FNDA:0,(anonymous_25)
FNDA:0,setViewMode
FNDA:0,(anonymous_27)
FNDA:0,(anonymous_28)
FNDA:0,setBasemap
FNDA:0,(anonymous_30)
FNDA:0,(anonymous_31)
FNDA:0,setExtent
FNDA:0,(anonymous_33)
FNDA:0,(anonymous_34)
FNDA:0,setTerrainEnabled
FNDA:0,(anonymous_36)
FNDA:0,(anonymous_37)
FNDA:0,setDate
FNDA:0,(anonymous_39)
FNDA:0,(anonymous_40)
FNDA:0,setTimelineRes
FNDA:0,(anonymous_42)
FNDA:0,(anonymous_43)
DA:16,0
DA:19,1
DA:22,1
DA:25,0
DA:28,0
DA:31,10
DA:34,4
DA:37,0
DA:40,4
DA:43,0
DA:46,0
DA:49,3
DA:52,0
DA:55,0
DA:58,0
DA:61,0
DA:64,4
DA:67,3
DA:73,0
DA:74,0
DA:76,0
DA:79,0
DA:80,0
DA:93,0
DA:95,0
DA:97,0
DA:99,0
DA:101,0
DA:103,0
DA:105,0
DA:110,0
DA:112,0
DA:114,0
DA:116,0
DA:121,0
DA:122,0
DA:124,0
DA:125,0
DA:126,0
DA:127,0
DA:128,0
DA:129,0
DA:131,0
DA:138,0
DA:139,0
DA:140,0
DA:146,0
DA:147,0
DA:148,0
DA:154,0
DA:155,0
DA:156,0
DA:162,0
DA:163,0
DA:164,0
DA:170,0
DA:171,0
DA:172,0
DA:178,0
DA:179,0
DA:180,0
LF:61
LH:8
BRDA:93,0,0,0
BRDA:93,0,1,0
BRDA:93,0,2,0
BRDA:93,0,3,0
BRDA:93,0,4,0
BRDA:93,0,5,0
BRDA:93,0,6,0
BRDA:93,0,7,0
BRDA:93,0,8,0
BRDA:93,0,9,0
BRDA:127,1,0,0
BRDA:127,1,1,0
BRDA:128,2,0,0
BRDA:128,2,1,0
BRF:14
BRH:0
end_of_record
